2017-11-25 06:32:29 [::1][-][261b6tcj2ojlh750jdb8tf6f02][error][yii\web\HttpException:400] exception 'yii\web\BadRequestHttpException' with message 'Missing required parameters: slug' in /opt/lampp/htdocs/mycore/_protected/vendor/yiisoft/yii2/web/Controller.php:149
Stack trace:
#0 /opt/lampp/htdocs/mycore/_protected/vendor/yiisoft/yii2/base/InlineAction.php(51): yii\web\Controller->bindActionParams(Object(yii\base\InlineAction), Array)
#1 /opt/lampp/htdocs/mycore/_protected/vendor/yiisoft/yii2/base/Controller.php(157): yii\base\InlineAction->runWithParams(Array)
#2 /opt/lampp/htdocs/mycore/_protected/vendor/yiisoft/yii2/base/Module.php(528): yii\base\Controller->runAction('view', Array)
#3 /opt/lampp/htdocs/mycore/_protected/vendor/yiisoft/yii2/web/Application.php(103): yii\base\Module->runAction('ols/produk/view', Array)
#4 /opt/lampp/htdocs/mycore/_protected/vendor/yiisoft/yii2/base/Application.php(386): yii\web\Application->handleRequest(Object(yii\web\Request))
#5 /opt/lampp/htdocs/mycore/index.php(12): yii\base\Application->run()
#6 {main}
2017-11-25 06:32:29 [::1][-][261b6tcj2ojlh750jdb8tf6f02][info][application] $_GET = [
    'id' => 'c81e728d9d4c2f636f067f89cc14862c'
]

$_COOKIE = [
    'mobile' => 'cf95d3b0e5083d724e023735f834d69453281ef7e795aa4ba5bf778c910777eaa:2:{i:0;s:6:\"mobile\";i:1;s:4:\"FULL\";}'
    '_ga' => 'GA1.1.496260585.1508645879'
    '_csrf' => '351b08bb985a206d5cb20719cd87f721138065ce84ad438df4f37b84dada6015a:2:{i:0;s:5:\"_csrf\";i:1;s:32:\"AS9EcHyfLbRs6C42mHRsr1IXXmcJjxL_\";}'
    'PHPSESSID' => '261b6tcj2ojlh750jdb8tf6f02'
]

$_SESSION = [
    '__flash' => []
    'yz\\shoppingcart\\ShoppingCart' => 'a:1:{i:2;O:29:\"jobsrey\\ols\\models\\ProdukCart\":11:{s:9:\"tagValues\";N;s:7:\"picture\";N;s:36:\"\0yii\\db\\BaseActiveRecord\0_attributes\";a:8:{s:2:\"id\";i:2;s:4:\"name\";s:13:\"Ika Wulandari\";s:5:\"price\";s:7:\"5993.00\";s:3:\"qty\";i:1;s:11:\"description\";s:46:\"Jln. Yogyakarta No. 919, Cimahi 50216, SulTeng\";s:6:\"is_new\";i:1;s:11:\"post_status\";i:1;s:4:\"slug\";s:13:\"ika-wulandari\";}s:39:\"\0yii\\db\\BaseActiveRecord\0_oldAttributes\";a:8:{s:2:\"id\";i:2;s:4:\"name\";s:13:\"Ika Wulandari\";s:5:\"price\";s:7:\"5993.00\";s:3:\"qty\";i:1;s:11:\"description\";s:46:\"Jln. Yogyakarta No. 919, Cimahi 50216, SulTeng\";s:6:\"is_new\";i:1;s:11:\"post_status\";i:1;s:4:\"slug\";s:13:\"ika-wulandari\";}s:33:\"\0yii\\db\\BaseActiveRecord\0_related\";a:0:{}s:23:\"\0yii\\base\\Model\0_errors\";N;s:27:\"\0yii\\base\\Model\0_validators\";N;s:25:\"\0yii\\base\\Model\0_scenario\";s:7:\"default\";s:27:\"\0yii\\base\\Component\0_events\";a:3:{s:11:\"afterInsert\";a:1:{i:0;a:2:{i:0;a:2:{i:0;O:35:\"creocoder\\taggable\\TaggableBehavior\":6:{s:16:\"tagValuesAsArray\";b:0;s:11:\"tagRelation\";s:4:\"tags\";s:17:\"tagValueAttribute\";s:4:\"name\";s:21:\"tagFrequencyAttribute\";s:9:\"frequency\";s:47:\"\0creocoder\\taggable\\TaggableBehavior\0_tagValues\";N;s:5:\"owner\";r:2;}i:1;s:9:\"afterSave\";}i:1;N;}}s:11:\"afterUpdate\";a:1:{i:0;a:2:{i:0;a:2:{i:0;r:31;i:1;s:9:\"afterSave\";}i:1;N;}}s:12:\"beforeDelete\";a:1:{i:0;a:2:{i:0;a:2:{i:0;r:31;i:1;s:12:\"beforeDelete\";}i:1;N;}}}s:30:\"\0yii\\base\\Component\0_behaviors\";a:1:{s:8:\"taggable\";r:31;}s:12:\"\0*\0_quantity\";s:5:\"50000\";}}'
]

$_SERVER = [
    'REDIRECT_UNIQUE_ID' => 'WhkAbX8AAQEAAA8u1vwAAAAD'
    'REDIRECT_STATUS' => '200'
    'UNIQUE_ID' => 'WhkAbX8AAQEAAA8u1vwAAAAD'
    'HTTP_HOST' => 'localhost'
    'HTTP_CONNECTION' => 'keep-alive'
    'HTTP_ACCEPT' => 'text/html,application/xhtml+xml,application/xml;q=0.9,image/webp,*/*;q=0.8'
    'HTTP_UPGRADE_INSECURE_REQUESTS' => '1'
    'HTTP_USER_AGENT' => 'Mozilla/5.0 (X11; Linux x86_64) AppleWebKit/537.36 (KHTML, like Gecko) Ubuntu Chromium/49.0.2623.108 Chrome/49.0.2623.108 Safari/537.36'
    'HTTP_REFERER' => 'http://localhost/mycore/ols/produk/view/ika-wulandari'
    'HTTP_ACCEPT_ENCODING' => 'gzip, deflate, sdch'
    'HTTP_ACCEPT_LANGUAGE' => 'en-US,en;q=0.8'
    'HTTP_COOKIE' => 'mobile=cf95d3b0e5083d724e023735f834d69453281ef7e795aa4ba5bf778c910777eaa%3A2%3A%7Bi%3A0%3Bs%3A6%3A%22mobile%22%3Bi%3A1%3Bs%3A4%3A%22FULL%22%3B%7D; _ga=GA1.1.496260585.1508645879; _csrf=351b08bb985a206d5cb20719cd87f721138065ce84ad438df4f37b84dada6015a%3A2%3A%7Bi%3A0%3Bs%3A5%3A%22_csrf%22%3Bi%3A1%3Bs%3A32%3A%22AS9EcHyfLbRs6C42mHRsr1IXXmcJjxL_%22%3B%7D; PHPSESSID=261b6tcj2ojlh750jdb8tf6f02'
    'PATH' => '/usr/local/sbin:/usr/local/bin:/usr/sbin:/usr/bin:/sbin:/bin:/snap/bin'
    'LD_LIBRARY_PATH' => '/opt/lampp/lib:/opt/lampp/lib'
    'SERVER_SIGNATURE' => ''
    'SERVER_SOFTWARE' => 'Apache/2.4.23 (Unix) OpenSSL/1.0.2j PHP/5.6.28 mod_perl/2.0.8-dev Perl/v5.16.3'
    'SERVER_NAME' => 'localhost'
    'SERVER_ADDR' => '::1'
    'SERVER_PORT' => '80'
    'REMOTE_ADDR' => '::1'
    'DOCUMENT_ROOT' => '/opt/lampp/htdocs'
    'REQUEST_SCHEME' => 'http'
    'CONTEXT_PREFIX' => ''
    'CONTEXT_DOCUMENT_ROOT' => '/opt/lampp/htdocs'
    'SERVER_ADMIN' => 'you@example.com'
    'SCRIPT_FILENAME' => '/opt/lampp/htdocs/mycore/index.php'
    'REMOTE_PORT' => '37488'
    'REDIRECT_URL' => '/mycore/ols/produk/view'
    'REDIRECT_QUERY_STRING' => 'id=c81e728d9d4c2f636f067f89cc14862c'
    'GATEWAY_INTERFACE' => 'CGI/1.1'
    'SERVER_PROTOCOL' => 'HTTP/1.1'
    'REQUEST_METHOD' => 'GET'
    'QUERY_STRING' => 'id=c81e728d9d4c2f636f067f89cc14862c'
    'REQUEST_URI' => '/mycore/ols/produk/view?id=c81e728d9d4c2f636f067f89cc14862c'
    'SCRIPT_NAME' => '/mycore/index.php'
    'PHP_SELF' => '/mycore/index.php'
    'REQUEST_TIME_FLOAT' => 1511587949.229
    'REQUEST_TIME' => 1511587949
]
2017-11-25 06:33:19 [::1][-][261b6tcj2ojlh750jdb8tf6f02][error][yii\web\HttpException:404] exception 'yii\web\NotFoundHttpException' with message 'The requested page does not exist.' in /opt/lampp/htdocs/mycore/_protected/modules/yii2-ols/controllers/ProdukController.php:125
Stack trace:
#0 /opt/lampp/htdocs/mycore/_protected/modules/yii2-ols/controllers/ProdukController.php(28): jobsrey\ols\controllers\ProdukController->findProduk('54e5915a3851700...')
#1 [internal function]: jobsrey\ols\controllers\ProdukController->actionView('54e5915a3851700...')
#2 /opt/lampp/htdocs/mycore/_protected/vendor/yiisoft/yii2/base/InlineAction.php(57): call_user_func_array(Array, Array)
#3 /opt/lampp/htdocs/mycore/_protected/vendor/yiisoft/yii2/base/Controller.php(157): yii\base\InlineAction->runWithParams(Array)
#4 /opt/lampp/htdocs/mycore/_protected/vendor/yiisoft/yii2/base/Module.php(528): yii\base\Controller->runAction('view', Array)
#5 /opt/lampp/htdocs/mycore/_protected/vendor/yiisoft/yii2/web/Application.php(103): yii\base\Module->runAction('ols/produk/view', Array)
#6 /opt/lampp/htdocs/mycore/_protected/vendor/yiisoft/yii2/base/Application.php(386): yii\web\Application->handleRequest(Object(yii\web\Request))
#7 /opt/lampp/htdocs/mycore/index.php(12): yii\base\Application->run()
#8 {main}
2017-11-25 06:33:19 [::1][-][261b6tcj2ojlh750jdb8tf6f02][info][application] $_GET = [
    'slug' => '54e5915a38517006376f02eb49ce0afc'
]

$_COOKIE = [
    'mobile' => 'cf95d3b0e5083d724e023735f834d69453281ef7e795aa4ba5bf778c910777eaa:2:{i:0;s:6:\"mobile\";i:1;s:4:\"FULL\";}'
    '_ga' => 'GA1.1.496260585.1508645879'
    '_csrf' => '351b08bb985a206d5cb20719cd87f721138065ce84ad438df4f37b84dada6015a:2:{i:0;s:5:\"_csrf\";i:1;s:32:\"AS9EcHyfLbRs6C42mHRsr1IXXmcJjxL_\";}'
    'PHPSESSID' => '261b6tcj2ojlh750jdb8tf6f02'
]

$_SESSION = [
    '__flash' => []
    'yz\\shoppingcart\\ShoppingCart' => 'a:1:{i:2;O:29:\"jobsrey\\ols\\models\\ProdukCart\":11:{s:9:\"tagValues\";N;s:7:\"picture\";N;s:36:\"\0yii\\db\\BaseActiveRecord\0_attributes\";a:8:{s:2:\"id\";i:2;s:4:\"name\";s:13:\"Ika Wulandari\";s:5:\"price\";s:7:\"5993.00\";s:3:\"qty\";i:1;s:11:\"description\";s:46:\"Jln. Yogyakarta No. 919, Cimahi 50216, SulTeng\";s:6:\"is_new\";i:1;s:11:\"post_status\";i:1;s:4:\"slug\";s:13:\"ika-wulandari\";}s:39:\"\0yii\\db\\BaseActiveRecord\0_oldAttributes\";a:8:{s:2:\"id\";i:2;s:4:\"name\";s:13:\"Ika Wulandari\";s:5:\"price\";s:7:\"5993.00\";s:3:\"qty\";i:1;s:11:\"description\";s:46:\"Jln. Yogyakarta No. 919, Cimahi 50216, SulTeng\";s:6:\"is_new\";i:1;s:11:\"post_status\";i:1;s:4:\"slug\";s:13:\"ika-wulandari\";}s:33:\"\0yii\\db\\BaseActiveRecord\0_related\";a:0:{}s:23:\"\0yii\\base\\Model\0_errors\";N;s:27:\"\0yii\\base\\Model\0_validators\";N;s:25:\"\0yii\\base\\Model\0_scenario\";s:7:\"default\";s:27:\"\0yii\\base\\Component\0_events\";a:3:{s:11:\"afterInsert\";a:1:{i:0;a:2:{i:0;a:2:{i:0;O:35:\"creocoder\\taggable\\TaggableBehavior\":6:{s:16:\"tagValuesAsArray\";b:0;s:11:\"tagRelation\";s:4:\"tags\";s:17:\"tagValueAttribute\";s:4:\"name\";s:21:\"tagFrequencyAttribute\";s:9:\"frequency\";s:47:\"\0creocoder\\taggable\\TaggableBehavior\0_tagValues\";N;s:5:\"owner\";r:2;}i:1;s:9:\"afterSave\";}i:1;N;}}s:11:\"afterUpdate\";a:1:{i:0;a:2:{i:0;a:2:{i:0;r:31;i:1;s:9:\"afterSave\";}i:1;N;}}s:12:\"beforeDelete\";a:1:{i:0;a:2:{i:0;a:2:{i:0;r:31;i:1;s:12:\"beforeDelete\";}i:1;N;}}}s:30:\"\0yii\\base\\Component\0_behaviors\";a:1:{s:8:\"taggable\";r:31;}s:12:\"\0*\0_quantity\";s:5:\"50000\";}}'
]

$_SERVER = [
    'REDIRECT_UNIQUE_ID' => 'WhkAn38AAQEAABijeXIAAAAJ'
    'REDIRECT_STATUS' => '200'
    'UNIQUE_ID' => 'WhkAn38AAQEAABijeXIAAAAJ'
    'HTTP_HOST' => 'localhost'
    'HTTP_CONNECTION' => 'keep-alive'
    'HTTP_ACCEPT' => 'text/html,application/xhtml+xml,application/xml;q=0.9,image/webp,*/*;q=0.8'
    'HTTP_UPGRADE_INSECURE_REQUESTS' => '1'
    'HTTP_USER_AGENT' => 'Mozilla/5.0 (X11; Linux x86_64) AppleWebKit/537.36 (KHTML, like Gecko) Ubuntu Chromium/49.0.2623.108 Chrome/49.0.2623.108 Safari/537.36'
    'HTTP_REFERER' => 'http://localhost/mycore/ols/produk/view/ika-wulandari'
    'HTTP_ACCEPT_ENCODING' => 'gzip, deflate, sdch'
    'HTTP_ACCEPT_LANGUAGE' => 'en-US,en;q=0.8'
    'HTTP_COOKIE' => 'mobile=cf95d3b0e5083d724e023735f834d69453281ef7e795aa4ba5bf778c910777eaa%3A2%3A%7Bi%3A0%3Bs%3A6%3A%22mobile%22%3Bi%3A1%3Bs%3A4%3A%22FULL%22%3B%7D; _ga=GA1.1.496260585.1508645879; _csrf=351b08bb985a206d5cb20719cd87f721138065ce84ad438df4f37b84dada6015a%3A2%3A%7Bi%3A0%3Bs%3A5%3A%22_csrf%22%3Bi%3A1%3Bs%3A32%3A%22AS9EcHyfLbRs6C42mHRsr1IXXmcJjxL_%22%3B%7D; PHPSESSID=261b6tcj2ojlh750jdb8tf6f02'
    'PATH' => '/usr/local/sbin:/usr/local/bin:/usr/sbin:/usr/bin:/sbin:/bin:/snap/bin'
    'LD_LIBRARY_PATH' => '/opt/lampp/lib:/opt/lampp/lib'
    'SERVER_SIGNATURE' => ''
    'SERVER_SOFTWARE' => 'Apache/2.4.23 (Unix) OpenSSL/1.0.2j PHP/5.6.28 mod_perl/2.0.8-dev Perl/v5.16.3'
    'SERVER_NAME' => 'localhost'
    'SERVER_ADDR' => '::1'
    'SERVER_PORT' => '80'
    'REMOTE_ADDR' => '::1'
    'DOCUMENT_ROOT' => '/opt/lampp/htdocs'
    'REQUEST_SCHEME' => 'http'
    'CONTEXT_PREFIX' => ''
    'CONTEXT_DOCUMENT_ROOT' => '/opt/lampp/htdocs'
    'SERVER_ADMIN' => 'you@example.com'
    'SCRIPT_FILENAME' => '/opt/lampp/htdocs/mycore/index.php'
    'REMOTE_PORT' => '37512'
    'REDIRECT_URL' => '/mycore/ols/produk/view/54e5915a38517006376f02eb49ce0afc'
    'GATEWAY_INTERFACE' => 'CGI/1.1'
    'SERVER_PROTOCOL' => 'HTTP/1.1'
    'REQUEST_METHOD' => 'GET'
    'QUERY_STRING' => ''
    'REQUEST_URI' => '/mycore/ols/produk/view/54e5915a38517006376f02eb49ce0afc'
    'SCRIPT_NAME' => '/mycore/index.php'
    'PHP_SELF' => '/mycore/index.php'
    'REQUEST_TIME_FLOAT' => 1511587999.681
    'REQUEST_TIME' => 1511587999
]
2017-11-25 06:34:42 [::1][-][261b6tcj2ojlh750jdb8tf6f02][error][yii\web\HttpException:404] exception 'yii\base\InvalidRouteException' with message 'Unable to resolve the request "ols/shop".' in /opt/lampp/htdocs/mycore/_protected/vendor/yiisoft/yii2/base/Module.php:537
Stack trace:
#0 /opt/lampp/htdocs/mycore/_protected/vendor/yiisoft/yii2/web/Application.php(103): yii\base\Module->runAction('ols/shop', Array)
#1 /opt/lampp/htdocs/mycore/_protected/vendor/yiisoft/yii2/base/Application.php(386): yii\web\Application->handleRequest(Object(yii\web\Request))
#2 /opt/lampp/htdocs/mycore/index.php(12): yii\base\Application->run()
#3 {main}

Next exception 'yii\web\NotFoundHttpException' with message 'Page not found.' in /opt/lampp/htdocs/mycore/_protected/vendor/yiisoft/yii2/web/Application.php:115
Stack trace:
#0 /opt/lampp/htdocs/mycore/_protected/vendor/yiisoft/yii2/base/Application.php(386): yii\web\Application->handleRequest(Object(yii\web\Request))
#1 /opt/lampp/htdocs/mycore/index.php(12): yii\base\Application->run()
#2 {main}
2017-11-25 06:34:42 [::1][-][261b6tcj2ojlh750jdb8tf6f02][info][application] $_COOKIE = [
    'mobile' => 'cf95d3b0e5083d724e023735f834d69453281ef7e795aa4ba5bf778c910777eaa:2:{i:0;s:6:\"mobile\";i:1;s:4:\"FULL\";}'
    '_ga' => 'GA1.1.496260585.1508645879'
    '_csrf' => '351b08bb985a206d5cb20719cd87f721138065ce84ad438df4f37b84dada6015a:2:{i:0;s:5:\"_csrf\";i:1;s:32:\"AS9EcHyfLbRs6C42mHRsr1IXXmcJjxL_\";}'
    'PHPSESSID' => '261b6tcj2ojlh750jdb8tf6f02'
]

$_SESSION = [
    '__flash' => []
    'yz\\shoppingcart\\ShoppingCart' => 'a:1:{i:2;O:29:\"jobsrey\\ols\\models\\ProdukCart\":11:{s:9:\"tagValues\";N;s:7:\"picture\";N;s:36:\"\0yii\\db\\BaseActiveRecord\0_attributes\";a:8:{s:2:\"id\";i:2;s:4:\"name\";s:13:\"Ika Wulandari\";s:5:\"price\";s:7:\"5993.00\";s:3:\"qty\";i:1;s:11:\"description\";s:46:\"Jln. Yogyakarta No. 919, Cimahi 50216, SulTeng\";s:6:\"is_new\";i:1;s:11:\"post_status\";i:1;s:4:\"slug\";s:13:\"ika-wulandari\";}s:39:\"\0yii\\db\\BaseActiveRecord\0_oldAttributes\";a:8:{s:2:\"id\";i:2;s:4:\"name\";s:13:\"Ika Wulandari\";s:5:\"price\";s:7:\"5993.00\";s:3:\"qty\";i:1;s:11:\"description\";s:46:\"Jln. Yogyakarta No. 919, Cimahi 50216, SulTeng\";s:6:\"is_new\";i:1;s:11:\"post_status\";i:1;s:4:\"slug\";s:13:\"ika-wulandari\";}s:33:\"\0yii\\db\\BaseActiveRecord\0_related\";a:0:{}s:23:\"\0yii\\base\\Model\0_errors\";N;s:27:\"\0yii\\base\\Model\0_validators\";N;s:25:\"\0yii\\base\\Model\0_scenario\";s:7:\"default\";s:27:\"\0yii\\base\\Component\0_events\";a:3:{s:11:\"afterInsert\";a:1:{i:0;a:2:{i:0;a:2:{i:0;O:35:\"creocoder\\taggable\\TaggableBehavior\":6:{s:16:\"tagValuesAsArray\";b:0;s:11:\"tagRelation\";s:4:\"tags\";s:17:\"tagValueAttribute\";s:4:\"name\";s:21:\"tagFrequencyAttribute\";s:9:\"frequency\";s:47:\"\0creocoder\\taggable\\TaggableBehavior\0_tagValues\";N;s:5:\"owner\";r:2;}i:1;s:9:\"afterSave\";}i:1;N;}}s:11:\"afterUpdate\";a:1:{i:0;a:2:{i:0;a:2:{i:0;r:31;i:1;s:9:\"afterSave\";}i:1;N;}}s:12:\"beforeDelete\";a:1:{i:0;a:2:{i:0;a:2:{i:0;r:31;i:1;s:12:\"beforeDelete\";}i:1;N;}}}s:30:\"\0yii\\base\\Component\0_behaviors\";a:1:{s:8:\"taggable\";r:31;}s:12:\"\0*\0_quantity\";s:5:\"50000\";}}'
]

$_SERVER = [
    'REDIRECT_UNIQUE_ID' => 'WhkA8n8AAQEAAA8u1wIAAAAD'
    'REDIRECT_STATUS' => '200'
    'UNIQUE_ID' => 'WhkA8n8AAQEAAA8u1wIAAAAD'
    'HTTP_HOST' => 'localhost'
    'HTTP_CONNECTION' => 'keep-alive'
    'HTTP_ACCEPT' => 'text/html,application/xhtml+xml,application/xml;q=0.9,image/webp,*/*;q=0.8'
    'HTTP_UPGRADE_INSECURE_REQUESTS' => '1'
    'HTTP_USER_AGENT' => 'Mozilla/5.0 (X11; Linux x86_64) AppleWebKit/537.36 (KHTML, like Gecko) Ubuntu Chromium/49.0.2623.108 Chrome/49.0.2623.108 Safari/537.36'
    'HTTP_ACCEPT_ENCODING' => 'gzip, deflate, sdch'
    'HTTP_ACCEPT_LANGUAGE' => 'en-US,en;q=0.8'
    'HTTP_COOKIE' => 'mobile=cf95d3b0e5083d724e023735f834d69453281ef7e795aa4ba5bf778c910777eaa%3A2%3A%7Bi%3A0%3Bs%3A6%3A%22mobile%22%3Bi%3A1%3Bs%3A4%3A%22FULL%22%3B%7D; _ga=GA1.1.496260585.1508645879; _csrf=351b08bb985a206d5cb20719cd87f721138065ce84ad438df4f37b84dada6015a%3A2%3A%7Bi%3A0%3Bs%3A5%3A%22_csrf%22%3Bi%3A1%3Bs%3A32%3A%22AS9EcHyfLbRs6C42mHRsr1IXXmcJjxL_%22%3B%7D; PHPSESSID=261b6tcj2ojlh750jdb8tf6f02'
    'PATH' => '/usr/local/sbin:/usr/local/bin:/usr/sbin:/usr/bin:/sbin:/bin:/snap/bin'
    'LD_LIBRARY_PATH' => '/opt/lampp/lib:/opt/lampp/lib'
    'SERVER_SIGNATURE' => ''
    'SERVER_SOFTWARE' => 'Apache/2.4.23 (Unix) OpenSSL/1.0.2j PHP/5.6.28 mod_perl/2.0.8-dev Perl/v5.16.3'
    'SERVER_NAME' => 'localhost'
    'SERVER_ADDR' => '::1'
    'SERVER_PORT' => '80'
    'REMOTE_ADDR' => '::1'
    'DOCUMENT_ROOT' => '/opt/lampp/htdocs'
    'REQUEST_SCHEME' => 'http'
    'CONTEXT_PREFIX' => ''
    'CONTEXT_DOCUMENT_ROOT' => '/opt/lampp/htdocs'
    'SERVER_ADMIN' => 'you@example.com'
    'SCRIPT_FILENAME' => '/opt/lampp/htdocs/mycore/index.php'
    'REMOTE_PORT' => '37584'
    'REDIRECT_URL' => '/mycore/ols/shop'
    'GATEWAY_INTERFACE' => 'CGI/1.1'
    'SERVER_PROTOCOL' => 'HTTP/1.1'
    'REQUEST_METHOD' => 'GET'
    'QUERY_STRING' => ''
    'REQUEST_URI' => '/mycore/ols/shop'
    'SCRIPT_NAME' => '/mycore/index.php'
    'PHP_SELF' => '/mycore/index.php'
    'REQUEST_TIME_FLOAT' => 1511588082.678
    'REQUEST_TIME' => 1511588082
]
2017-11-25 07:21:18 [::1][-][-][error][yii\web\HttpException:404] exception 'yii\base\InvalidRouteException' with message 'Unable to resolve the request: ols/user-address/get-preset&_=0.003622112615752071' in /opt/lampp/htdocs/mycore/_protected/vendor/yiisoft/yii2/base/Controller.php:128
Stack trace:
#0 /opt/lampp/htdocs/mycore/_protected/vendor/yiisoft/yii2/base/Module.php(528): yii\base\Controller->runAction('get-preset&_=0....', Array)
#1 /opt/lampp/htdocs/mycore/_protected/vendor/yiisoft/yii2/web/Application.php(103): yii\base\Module->runAction('ols/user-addres...', Array)
#2 /opt/lampp/htdocs/mycore/_protected/vendor/yiisoft/yii2/base/Application.php(386): yii\web\Application->handleRequest(Object(yii\web\Request))
#3 /opt/lampp/htdocs/mycore/index.php(12): yii\base\Application->run()
#4 {main}

Next exception 'yii\web\NotFoundHttpException' with message 'Page not found.' in /opt/lampp/htdocs/mycore/_protected/vendor/yiisoft/yii2/web/Application.php:115
Stack trace:
#0 /opt/lampp/htdocs/mycore/_protected/vendor/yiisoft/yii2/base/Application.php(386): yii\web\Application->handleRequest(Object(yii\web\Request))
#1 /opt/lampp/htdocs/mycore/index.php(12): yii\base\Application->run()
#2 {main}
2017-11-25 07:21:18 [::1][-][-][info][application] $_POST = [
    'PresetName' => '2'
]

$_COOKIE = [
    'mobile' => 'cf95d3b0e5083d724e023735f834d69453281ef7e795aa4ba5bf778c910777eaa:2:{i:0;s:6:\"mobile\";i:1;s:4:\"FULL\";}'
    '_ga' => 'GA1.1.496260585.1508645879'
    '_csrf' => '351b08bb985a206d5cb20719cd87f721138065ce84ad438df4f37b84dada6015a:2:{i:0;s:5:\"_csrf\";i:1;s:32:\"AS9EcHyfLbRs6C42mHRsr1IXXmcJjxL_\";}'
    'PHPSESSID' => '261b6tcj2ojlh750jdb8tf6f02'
]

$_SERVER = [
    'REDIRECT_UNIQUE_ID' => 'WhkL3n8AAQEAABNiIZ4AAAAH'
    'REDIRECT_STATUS' => '200'
    'UNIQUE_ID' => 'WhkL3n8AAQEAABNiIZ4AAAAH'
    'HTTP_HOST' => 'localhost'
    'HTTP_CONNECTION' => 'keep-alive'
    'CONTENT_LENGTH' => '12'
    'HTTP_ORIGIN' => 'http://localhost'
    'HTTP_X_CSRF_TOKEN' => 'OyGXnEWFBNrrct1wgYqhuM4FpJ2uGtZoTTqfPWrEPq56cq7ZJs19vKcQjwO3yZWKo0327twrnzAVV_x3ALxy8Q=='
    'HTTP_USER_AGENT' => 'Mozilla/5.0 (X11; Linux x86_64) AppleWebKit/537.36 (KHTML, like Gecko) Ubuntu Chromium/49.0.2623.108 Chrome/49.0.2623.108 Safari/537.36'
    'CONTENT_TYPE' => 'application/x-www-form-urlencoded; charset=UTF-8'
    'HTTP_ACCEPT' => 'application/json, text/javascript, */*; q=0.01'
    'HTTP_X_REQUESTED_WITH' => 'XMLHttpRequest'
    'HTTP_REFERER' => 'http://localhost/mycore/ols/checkout'
    'HTTP_ACCEPT_ENCODING' => 'gzip, deflate'
    'HTTP_ACCEPT_LANGUAGE' => 'en-US,en;q=0.8'
    'HTTP_COOKIE' => 'mobile=cf95d3b0e5083d724e023735f834d69453281ef7e795aa4ba5bf778c910777eaa%3A2%3A%7Bi%3A0%3Bs%3A6%3A%22mobile%22%3Bi%3A1%3Bs%3A4%3A%22FULL%22%3B%7D; _ga=GA1.1.496260585.1508645879; _csrf=351b08bb985a206d5cb20719cd87f721138065ce84ad438df4f37b84dada6015a%3A2%3A%7Bi%3A0%3Bs%3A5%3A%22_csrf%22%3Bi%3A1%3Bs%3A32%3A%22AS9EcHyfLbRs6C42mHRsr1IXXmcJjxL_%22%3B%7D; PHPSESSID=261b6tcj2ojlh750jdb8tf6f02'
    'PATH' => '/usr/local/sbin:/usr/local/bin:/usr/sbin:/usr/bin:/sbin:/bin:/snap/bin'
    'LD_LIBRARY_PATH' => '/opt/lampp/lib:/opt/lampp/lib'
    'SERVER_SIGNATURE' => ''
    'SERVER_SOFTWARE' => 'Apache/2.4.23 (Unix) OpenSSL/1.0.2j PHP/5.6.28 mod_perl/2.0.8-dev Perl/v5.16.3'
    'SERVER_NAME' => 'localhost'
    'SERVER_ADDR' => '::1'
    'SERVER_PORT' => '80'
    'REMOTE_ADDR' => '::1'
    'DOCUMENT_ROOT' => '/opt/lampp/htdocs'
    'REQUEST_SCHEME' => 'http'
    'CONTEXT_PREFIX' => ''
    'CONTEXT_DOCUMENT_ROOT' => '/opt/lampp/htdocs'
    'SERVER_ADMIN' => 'you@example.com'
    'SCRIPT_FILENAME' => '/opt/lampp/htdocs/mycore/index.php'
    'REMOTE_PORT' => '37966'
    'REDIRECT_URL' => '/mycore/ols/user-address/get-preset&_=0.003622112615752071'
    'GATEWAY_INTERFACE' => 'CGI/1.1'
    'SERVER_PROTOCOL' => 'HTTP/1.1'
    'REQUEST_METHOD' => 'POST'
    'QUERY_STRING' => ''
    'REQUEST_URI' => '/mycore/ols/user-address/get-preset&_=0.003622112615752071'
    'SCRIPT_NAME' => '/mycore/index.php'
    'PHP_SELF' => '/mycore/index.php'
    'REQUEST_TIME_FLOAT' => 1511590878.436
    'REQUEST_TIME' => 1511590878
]
2017-11-25 07:24:42 [::1][-][-][error][yii\base\UnknownMethodException] exception 'yii\base\UnknownMethodException' with message 'Calling unknown method: jobsrey\ols\models\UserAddress::ambilProviceAndCityByOne()' in /opt/lampp/htdocs/mycore/_protected/vendor/yiisoft/yii2/base/Component.php:294
Stack trace:
#0 /opt/lampp/htdocs/mycore/_protected/modules/yii2-ols/controllers/UserAddressController.php(407): yii\base\Component->__call('ambilProviceAnd...', Array)
#1 /opt/lampp/htdocs/mycore/_protected/modules/yii2-ols/controllers/UserAddressController.php(407): jobsrey\ols\models\UserAddress->ambilProviceAndCityByOne()
#2 [internal function]: jobsrey\ols\controllers\UserAddressController->actionGetPreset()
#3 /opt/lampp/htdocs/mycore/_protected/vendor/yiisoft/yii2/base/InlineAction.php(57): call_user_func_array(Array, Array)
#4 /opt/lampp/htdocs/mycore/_protected/vendor/yiisoft/yii2/base/Controller.php(157): yii\base\InlineAction->runWithParams(Array)
#5 /opt/lampp/htdocs/mycore/_protected/vendor/yiisoft/yii2/base/Module.php(528): yii\base\Controller->runAction('get-preset', Array)
#6 /opt/lampp/htdocs/mycore/_protected/vendor/yiisoft/yii2/web/Application.php(103): yii\base\Module->runAction('ols/user-addres...', Array)
#7 /opt/lampp/htdocs/mycore/_protected/vendor/yiisoft/yii2/base/Application.php(386): yii\web\Application->handleRequest(Object(yii\web\Request))
#8 /opt/lampp/htdocs/mycore/index.php(12): yii\base\Application->run()
#9 {main}
2017-11-25 07:24:42 [::1][-][-][info][application] $_GET = [
    '_' => '0.8699503431651745'
]

$_POST = [
    'PresetName' => '4'
]

$_COOKIE = [
    'mobile' => 'cf95d3b0e5083d724e023735f834d69453281ef7e795aa4ba5bf778c910777eaa:2:{i:0;s:6:\"mobile\";i:1;s:4:\"FULL\";}'
    '_ga' => 'GA1.1.496260585.1508645879'
    '_csrf' => '351b08bb985a206d5cb20719cd87f721138065ce84ad438df4f37b84dada6015a:2:{i:0;s:5:\"_csrf\";i:1;s:32:\"AS9EcHyfLbRs6C42mHRsr1IXXmcJjxL_\";}'
    'PHPSESSID' => '261b6tcj2ojlh750jdb8tf6f02'
]

$_SERVER = [
    'REDIRECT_UNIQUE_ID' => 'WhkMqn8AAQEAABijeXkAAAAJ'
    'REDIRECT_STATUS' => '200'
    'UNIQUE_ID' => 'WhkMqn8AAQEAABijeXkAAAAJ'
    'HTTP_HOST' => 'localhost'
    'HTTP_CONNECTION' => 'keep-alive'
    'CONTENT_LENGTH' => '12'
    'HTTP_ORIGIN' => 'http://localhost'
    'HTTP_X_CSRF_TOKEN' => 'OyGXnEWFBNrrct1wgYqhuM4FpJ2uGtZoTTqfPWrEPq56cq7ZJs19vKcQjwO3yZWKo0327twrnzAVV_x3ALxy8Q=='
    'HTTP_USER_AGENT' => 'Mozilla/5.0 (X11; Linux x86_64) AppleWebKit/537.36 (KHTML, like Gecko) Ubuntu Chromium/49.0.2623.108 Chrome/49.0.2623.108 Safari/537.36'
    'CONTENT_TYPE' => 'application/x-www-form-urlencoded; charset=UTF-8'
    'HTTP_ACCEPT' => 'application/json, text/javascript, */*; q=0.01'
    'HTTP_X_REQUESTED_WITH' => 'XMLHttpRequest'
    'HTTP_REFERER' => 'http://localhost/mycore/ols/checkout'
    'HTTP_ACCEPT_ENCODING' => 'gzip, deflate'
    'HTTP_ACCEPT_LANGUAGE' => 'en-US,en;q=0.8'
    'HTTP_COOKIE' => 'mobile=cf95d3b0e5083d724e023735f834d69453281ef7e795aa4ba5bf778c910777eaa%3A2%3A%7Bi%3A0%3Bs%3A6%3A%22mobile%22%3Bi%3A1%3Bs%3A4%3A%22FULL%22%3B%7D; _ga=GA1.1.496260585.1508645879; _csrf=351b08bb985a206d5cb20719cd87f721138065ce84ad438df4f37b84dada6015a%3A2%3A%7Bi%3A0%3Bs%3A5%3A%22_csrf%22%3Bi%3A1%3Bs%3A32%3A%22AS9EcHyfLbRs6C42mHRsr1IXXmcJjxL_%22%3B%7D; PHPSESSID=261b6tcj2ojlh750jdb8tf6f02'
    'PATH' => '/usr/local/sbin:/usr/local/bin:/usr/sbin:/usr/bin:/sbin:/bin:/snap/bin'
    'LD_LIBRARY_PATH' => '/opt/lampp/lib:/opt/lampp/lib'
    'SERVER_SIGNATURE' => ''
    'SERVER_SOFTWARE' => 'Apache/2.4.23 (Unix) OpenSSL/1.0.2j PHP/5.6.28 mod_perl/2.0.8-dev Perl/v5.16.3'
    'SERVER_NAME' => 'localhost'
    'SERVER_ADDR' => '::1'
    'SERVER_PORT' => '80'
    'REMOTE_ADDR' => '::1'
    'DOCUMENT_ROOT' => '/opt/lampp/htdocs'
    'REQUEST_SCHEME' => 'http'
    'CONTEXT_PREFIX' => ''
    'CONTEXT_DOCUMENT_ROOT' => '/opt/lampp/htdocs'
    'SERVER_ADMIN' => 'you@example.com'
    'SCRIPT_FILENAME' => '/opt/lampp/htdocs/mycore/index.php'
    'REMOTE_PORT' => '37980'
    'REDIRECT_URL' => '/mycore/ols/user-address/get-preset'
    'REDIRECT_QUERY_STRING' => '_=0.8699503431651745'
    'GATEWAY_INTERFACE' => 'CGI/1.1'
    'SERVER_PROTOCOL' => 'HTTP/1.1'
    'REQUEST_METHOD' => 'POST'
    'QUERY_STRING' => '_=0.8699503431651745'
    'REQUEST_URI' => '/mycore/ols/user-address/get-preset?_=0.8699503431651745'
    'SCRIPT_NAME' => '/mycore/index.php'
    'PHP_SELF' => '/mycore/index.php'
    'REQUEST_TIME_FLOAT' => 1511591082.079
    'REQUEST_TIME' => 1511591082
]
2017-11-25 07:25:36 [::1][-][-][error][yii\base\UnknownPropertyException] exception 'yii\base\UnknownPropertyException' with message 'Getting unknown property: jobsrey\ols\models\FormOrder::province_id' in /opt/lampp/htdocs/mycore/_protected/vendor/yiisoft/yii2/base/Component.php:148
Stack trace:
#0 /opt/lampp/htdocs/mycore/_protected/modules/yii2-ols/models/FormOrder.php(174): yii\base\Component->__get('province_id')
#1 /opt/lampp/htdocs/mycore/_protected/modules/yii2-ols/models/UserAddress.php(81): jobsrey\ols\models\FormOrder->ambilProviceAndCityByOne()
#2 /opt/lampp/htdocs/mycore/_protected/modules/yii2-ols/controllers/UserAddressController.php(407): jobsrey\ols\models\UserAddress->ambilProviceAndCityByOne()
#3 [internal function]: jobsrey\ols\controllers\UserAddressController->actionGetPreset()
#4 /opt/lampp/htdocs/mycore/_protected/vendor/yiisoft/yii2/base/InlineAction.php(57): call_user_func_array(Array, Array)
#5 /opt/lampp/htdocs/mycore/_protected/vendor/yiisoft/yii2/base/Controller.php(157): yii\base\InlineAction->runWithParams(Array)
#6 /opt/lampp/htdocs/mycore/_protected/vendor/yiisoft/yii2/base/Module.php(528): yii\base\Controller->runAction('get-preset', Array)
#7 /opt/lampp/htdocs/mycore/_protected/vendor/yiisoft/yii2/web/Application.php(103): yii\base\Module->runAction('ols/user-addres...', Array)
#8 /opt/lampp/htdocs/mycore/_protected/vendor/yiisoft/yii2/base/Application.php(386): yii\web\Application->handleRequest(Object(yii\web\Request))
#9 /opt/lampp/htdocs/mycore/index.php(12): yii\base\Application->run()
#10 {main}
2017-11-25 07:25:36 [::1][-][-][info][application] $_GET = [
    '_' => '0.422787904904234'
]

$_POST = [
    'PresetName' => '3'
]

$_COOKIE = [
    'mobile' => 'cf95d3b0e5083d724e023735f834d69453281ef7e795aa4ba5bf778c910777eaa:2:{i:0;s:6:\"mobile\";i:1;s:4:\"FULL\";}'
    '_ga' => 'GA1.1.496260585.1508645879'
    '_csrf' => '351b08bb985a206d5cb20719cd87f721138065ce84ad438df4f37b84dada6015a:2:{i:0;s:5:\"_csrf\";i:1;s:32:\"AS9EcHyfLbRs6C42mHRsr1IXXmcJjxL_\";}'
    'PHPSESSID' => '261b6tcj2ojlh750jdb8tf6f02'
]

$_SERVER = [
    'REDIRECT_UNIQUE_ID' => 'WhkM4H8AAQEAABdDu3oAAAAE'
    'REDIRECT_STATUS' => '200'
    'UNIQUE_ID' => 'WhkM4H8AAQEAABdDu3oAAAAE'
    'HTTP_HOST' => 'localhost'
    'HTTP_CONNECTION' => 'keep-alive'
    'CONTENT_LENGTH' => '12'
    'HTTP_ORIGIN' => 'http://localhost'
    'HTTP_X_CSRF_TOKEN' => 'OyGXnEWFBNrrct1wgYqhuM4FpJ2uGtZoTTqfPWrEPq56cq7ZJs19vKcQjwO3yZWKo0327twrnzAVV_x3ALxy8Q=='
    'HTTP_USER_AGENT' => 'Mozilla/5.0 (X11; Linux x86_64) AppleWebKit/537.36 (KHTML, like Gecko) Ubuntu Chromium/49.0.2623.108 Chrome/49.0.2623.108 Safari/537.36'
    'CONTENT_TYPE' => 'application/x-www-form-urlencoded; charset=UTF-8'
    'HTTP_ACCEPT' => 'application/json, text/javascript, */*; q=0.01'
    'HTTP_X_REQUESTED_WITH' => 'XMLHttpRequest'
    'HTTP_REFERER' => 'http://localhost/mycore/ols/checkout'
    'HTTP_ACCEPT_ENCODING' => 'gzip, deflate'
    'HTTP_ACCEPT_LANGUAGE' => 'en-US,en;q=0.8'
    'HTTP_COOKIE' => 'mobile=cf95d3b0e5083d724e023735f834d69453281ef7e795aa4ba5bf778c910777eaa%3A2%3A%7Bi%3A0%3Bs%3A6%3A%22mobile%22%3Bi%3A1%3Bs%3A4%3A%22FULL%22%3B%7D; _ga=GA1.1.496260585.1508645879; _csrf=351b08bb985a206d5cb20719cd87f721138065ce84ad438df4f37b84dada6015a%3A2%3A%7Bi%3A0%3Bs%3A5%3A%22_csrf%22%3Bi%3A1%3Bs%3A32%3A%22AS9EcHyfLbRs6C42mHRsr1IXXmcJjxL_%22%3B%7D; PHPSESSID=261b6tcj2ojlh750jdb8tf6f02'
    'PATH' => '/usr/local/sbin:/usr/local/bin:/usr/sbin:/usr/bin:/sbin:/bin:/snap/bin'
    'LD_LIBRARY_PATH' => '/opt/lampp/lib:/opt/lampp/lib'
    'SERVER_SIGNATURE' => ''
    'SERVER_SOFTWARE' => 'Apache/2.4.23 (Unix) OpenSSL/1.0.2j PHP/5.6.28 mod_perl/2.0.8-dev Perl/v5.16.3'
    'SERVER_NAME' => 'localhost'
    'SERVER_ADDR' => '::1'
    'SERVER_PORT' => '80'
    'REMOTE_ADDR' => '::1'
    'DOCUMENT_ROOT' => '/opt/lampp/htdocs'
    'REQUEST_SCHEME' => 'http'
    'CONTEXT_PREFIX' => ''
    'CONTEXT_DOCUMENT_ROOT' => '/opt/lampp/htdocs'
    'SERVER_ADMIN' => 'you@example.com'
    'SCRIPT_FILENAME' => '/opt/lampp/htdocs/mycore/index.php'
    'REMOTE_PORT' => '37982'
    'REDIRECT_URL' => '/mycore/ols/user-address/get-preset'
    'REDIRECT_QUERY_STRING' => '_=0.422787904904234'
    'GATEWAY_INTERFACE' => 'CGI/1.1'
    'SERVER_PROTOCOL' => 'HTTP/1.1'
    'REQUEST_METHOD' => 'POST'
    'QUERY_STRING' => '_=0.422787904904234'
    'REQUEST_URI' => '/mycore/ols/user-address/get-preset?_=0.422787904904234'
    'SCRIPT_NAME' => '/mycore/index.php'
    'PHP_SELF' => '/mycore/index.php'
    'REQUEST_TIME_FLOAT' => 1511591136.02
    'REQUEST_TIME' => 1511591136
]
2017-11-25 07:26:23 [::1][-][-][error][yii\base\ErrorException:2] exception 'yii\base\ErrorException' with message 'array_push() expects parameter 1 to be array, object given' in /opt/lampp/htdocs/mycore/_protected/modules/yii2-ols/controllers/UserAddressController.php:407
Stack trace:
#0 [internal function]: yii\base\ErrorHandler->handleError(2, 'array_push() ex...', '/opt/lampp/htdo...', 407, Array)
#1 /opt/lampp/htdocs/mycore/_protected/modules/yii2-ols/controllers/UserAddressController.php(407): array_push(Object(jobsrey\ols\models\UserAddress), Array)
#2 [internal function]: jobsrey\ols\controllers\UserAddressController->actionGetPreset()
#3 /opt/lampp/htdocs/mycore/_protected/vendor/yiisoft/yii2/base/InlineAction.php(57): call_user_func_array(Array, Array)
#4 /opt/lampp/htdocs/mycore/_protected/vendor/yiisoft/yii2/base/Controller.php(157): yii\base\InlineAction->runWithParams(Array)
#5 /opt/lampp/htdocs/mycore/_protected/vendor/yiisoft/yii2/base/Module.php(528): yii\base\Controller->runAction('get-preset', Array)
#6 /opt/lampp/htdocs/mycore/_protected/vendor/yiisoft/yii2/web/Application.php(103): yii\base\Module->runAction('ols/user-addres...', Array)
#7 /opt/lampp/htdocs/mycore/_protected/vendor/yiisoft/yii2/base/Application.php(386): yii\web\Application->handleRequest(Object(yii\web\Request))
#8 /opt/lampp/htdocs/mycore/index.php(12): yii\base\Application->run()
#9 {main}
2017-11-25 07:26:23 [::1][-][-][info][application] $_GET = [
    '_' => '0.9089757638287812'
]

$_POST = [
    'PresetName' => '3'
]

$_COOKIE = [
    'mobile' => 'cf95d3b0e5083d724e023735f834d69453281ef7e795aa4ba5bf778c910777eaa:2:{i:0;s:6:\"mobile\";i:1;s:4:\"FULL\";}'
    '_ga' => 'GA1.1.496260585.1508645879'
    '_csrf' => '351b08bb985a206d5cb20719cd87f721138065ce84ad438df4f37b84dada6015a:2:{i:0;s:5:\"_csrf\";i:1;s:32:\"AS9EcHyfLbRs6C42mHRsr1IXXmcJjxL_\";}'
    'PHPSESSID' => '261b6tcj2ojlh750jdb8tf6f02'
]

$_SERVER = [
    'REDIRECT_UNIQUE_ID' => 'WhkND38AAQEAABjcBCcAAAAK'
    'REDIRECT_STATUS' => '200'
    'UNIQUE_ID' => 'WhkND38AAQEAABjcBCcAAAAK'
    'HTTP_HOST' => 'localhost'
    'HTTP_CONNECTION' => 'keep-alive'
    'CONTENT_LENGTH' => '12'
    'HTTP_ORIGIN' => 'http://localhost'
    'HTTP_X_CSRF_TOKEN' => 'OyGXnEWFBNrrct1wgYqhuM4FpJ2uGtZoTTqfPWrEPq56cq7ZJs19vKcQjwO3yZWKo0327twrnzAVV_x3ALxy8Q=='
    'HTTP_USER_AGENT' => 'Mozilla/5.0 (X11; Linux x86_64) AppleWebKit/537.36 (KHTML, like Gecko) Ubuntu Chromium/49.0.2623.108 Chrome/49.0.2623.108 Safari/537.36'
    'CONTENT_TYPE' => 'application/x-www-form-urlencoded; charset=UTF-8'
    'HTTP_ACCEPT' => 'application/json, text/javascript, */*; q=0.01'
    'HTTP_X_REQUESTED_WITH' => 'XMLHttpRequest'
    'HTTP_REFERER' => 'http://localhost/mycore/ols/checkout'
    'HTTP_ACCEPT_ENCODING' => 'gzip, deflate'
    'HTTP_ACCEPT_LANGUAGE' => 'en-US,en;q=0.8'
    'HTTP_COOKIE' => 'mobile=cf95d3b0e5083d724e023735f834d69453281ef7e795aa4ba5bf778c910777eaa%3A2%3A%7Bi%3A0%3Bs%3A6%3A%22mobile%22%3Bi%3A1%3Bs%3A4%3A%22FULL%22%3B%7D; _ga=GA1.1.496260585.1508645879; _csrf=351b08bb985a206d5cb20719cd87f721138065ce84ad438df4f37b84dada6015a%3A2%3A%7Bi%3A0%3Bs%3A5%3A%22_csrf%22%3Bi%3A1%3Bs%3A32%3A%22AS9EcHyfLbRs6C42mHRsr1IXXmcJjxL_%22%3B%7D; PHPSESSID=261b6tcj2ojlh750jdb8tf6f02'
    'PATH' => '/usr/local/sbin:/usr/local/bin:/usr/sbin:/usr/bin:/sbin:/bin:/snap/bin'
    'LD_LIBRARY_PATH' => '/opt/lampp/lib:/opt/lampp/lib'
    'SERVER_SIGNATURE' => ''
    'SERVER_SOFTWARE' => 'Apache/2.4.23 (Unix) OpenSSL/1.0.2j PHP/5.6.28 mod_perl/2.0.8-dev Perl/v5.16.3'
    'SERVER_NAME' => 'localhost'
    'SERVER_ADDR' => '::1'
    'SERVER_PORT' => '80'
    'REMOTE_ADDR' => '::1'
    'DOCUMENT_ROOT' => '/opt/lampp/htdocs'
    'REQUEST_SCHEME' => 'http'
    'CONTEXT_PREFIX' => ''
    'CONTEXT_DOCUMENT_ROOT' => '/opt/lampp/htdocs'
    'SERVER_ADMIN' => 'you@example.com'
    'SCRIPT_FILENAME' => '/opt/lampp/htdocs/mycore/index.php'
    'REMOTE_PORT' => '37990'
    'REDIRECT_URL' => '/mycore/ols/user-address/get-preset'
    'REDIRECT_QUERY_STRING' => '_=0.9089757638287812'
    'GATEWAY_INTERFACE' => 'CGI/1.1'
    'SERVER_PROTOCOL' => 'HTTP/1.1'
    'REQUEST_METHOD' => 'POST'
    'QUERY_STRING' => '_=0.9089757638287812'
    'REQUEST_URI' => '/mycore/ols/user-address/get-preset?_=0.9089757638287812'
    'SCRIPT_NAME' => '/mycore/index.php'
    'PHP_SELF' => '/mycore/index.php'
    'REQUEST_TIME_FLOAT' => 1511591183.123
    'REQUEST_TIME' => 1511591183
]
2017-11-25 07:31:38 [::1][-][-][error][yii\base\ErrorException:4] exception 'yii\base\ErrorException' with message 'syntax error, unexpected '=>' (T_DOUBLE_ARROW)' in /opt/lampp/htdocs/mycore/_protected/modules/yii2-ols/controllers/UserAddressController.php:410
Stack trace:
#0 [internal function]: yii\base\ErrorHandler->handleFatalError()
#1 {main}
2017-11-25 07:31:37 [::1][-][-][info][application] $_GET = [
    '_' => '0.6252188899953537'
]

$_POST = [
    'PresetName' => '6'
]

$_COOKIE = [
    'mobile' => 'cf95d3b0e5083d724e023735f834d69453281ef7e795aa4ba5bf778c910777eaa:2:{i:0;s:6:\"mobile\";i:1;s:4:\"FULL\";}'
    '_ga' => 'GA1.1.496260585.1508645879'
    '_csrf' => '351b08bb985a206d5cb20719cd87f721138065ce84ad438df4f37b84dada6015a:2:{i:0;s:5:\"_csrf\";i:1;s:32:\"AS9EcHyfLbRs6C42mHRsr1IXXmcJjxL_\";}'
    'PHPSESSID' => '261b6tcj2ojlh750jdb8tf6f02'
]

$_SERVER = [
    'REDIRECT_UNIQUE_ID' => 'WhkOSX8AAQEAABlKBuAAAAAC'
    'REDIRECT_STATUS' => '200'
    'UNIQUE_ID' => 'WhkOSX8AAQEAABlKBuAAAAAC'
    'HTTP_HOST' => 'localhost'
    'HTTP_CONNECTION' => 'keep-alive'
    'CONTENT_LENGTH' => '12'
    'HTTP_ORIGIN' => 'http://localhost'
    'HTTP_X_CSRF_TOKEN' => 'OyGXnEWFBNrrct1wgYqhuM4FpJ2uGtZoTTqfPWrEPq56cq7ZJs19vKcQjwO3yZWKo0327twrnzAVV_x3ALxy8Q=='
    'HTTP_USER_AGENT' => 'Mozilla/5.0 (X11; Linux x86_64) AppleWebKit/537.36 (KHTML, like Gecko) Ubuntu Chromium/49.0.2623.108 Chrome/49.0.2623.108 Safari/537.36'
    'CONTENT_TYPE' => 'application/x-www-form-urlencoded; charset=UTF-8'
    'HTTP_ACCEPT' => 'application/json, text/javascript, */*; q=0.01'
    'HTTP_X_REQUESTED_WITH' => 'XMLHttpRequest'
    'HTTP_REFERER' => 'http://localhost/mycore/ols/checkout'
    'HTTP_ACCEPT_ENCODING' => 'gzip, deflate'
    'HTTP_ACCEPT_LANGUAGE' => 'en-US,en;q=0.8'
    'HTTP_COOKIE' => 'mobile=cf95d3b0e5083d724e023735f834d69453281ef7e795aa4ba5bf778c910777eaa%3A2%3A%7Bi%3A0%3Bs%3A6%3A%22mobile%22%3Bi%3A1%3Bs%3A4%3A%22FULL%22%3B%7D; _ga=GA1.1.496260585.1508645879; _csrf=351b08bb985a206d5cb20719cd87f721138065ce84ad438df4f37b84dada6015a%3A2%3A%7Bi%3A0%3Bs%3A5%3A%22_csrf%22%3Bi%3A1%3Bs%3A32%3A%22AS9EcHyfLbRs6C42mHRsr1IXXmcJjxL_%22%3B%7D; PHPSESSID=261b6tcj2ojlh750jdb8tf6f02'
    'PATH' => '/usr/local/sbin:/usr/local/bin:/usr/sbin:/usr/bin:/sbin:/bin:/snap/bin'
    'LD_LIBRARY_PATH' => '/opt/lampp/lib:/opt/lampp/lib'
    'SERVER_SIGNATURE' => ''
    'SERVER_SOFTWARE' => 'Apache/2.4.23 (Unix) OpenSSL/1.0.2j PHP/5.6.28 mod_perl/2.0.8-dev Perl/v5.16.3'
    'SERVER_NAME' => 'localhost'
    'SERVER_ADDR' => '::1'
    'SERVER_PORT' => '80'
    'REMOTE_ADDR' => '::1'
    'DOCUMENT_ROOT' => '/opt/lampp/htdocs'
    'REQUEST_SCHEME' => 'http'
    'CONTEXT_PREFIX' => ''
    'CONTEXT_DOCUMENT_ROOT' => '/opt/lampp/htdocs'
    'SERVER_ADMIN' => 'you@example.com'
    'SCRIPT_FILENAME' => '/opt/lampp/htdocs/mycore/index.php'
    'REMOTE_PORT' => '38012'
    'REDIRECT_URL' => '/mycore/ols/user-address/get-preset'
    'REDIRECT_QUERY_STRING' => '_=0.6252188899953537'
    'GATEWAY_INTERFACE' => 'CGI/1.1'
    'SERVER_PROTOCOL' => 'HTTP/1.1'
    'REQUEST_METHOD' => 'POST'
    'QUERY_STRING' => '_=0.6252188899953537'
    'REQUEST_URI' => '/mycore/ols/user-address/get-preset?_=0.6252188899953537'
    'SCRIPT_NAME' => '/mycore/index.php'
    'PHP_SELF' => '/mycore/index.php'
    'REQUEST_TIME_FLOAT' => 1511591497.906
    'REQUEST_TIME' => 1511591497
]
2017-11-25 07:32:11 [::1][-][261b6tcj2ojlh750jdb8tf6f02][error][yii\web\HttpException:404] exception 'yii\web\NotFoundHttpException' with message 'The requested page does not exist.' in /opt/lampp/htdocs/mycore/_protected/modules/yii2-ols/controllers/UserAddressController.php:420
Stack trace:
#0 [internal function]: jobsrey\ols\controllers\UserAddressController->actionGetPreset()
#1 /opt/lampp/htdocs/mycore/_protected/vendor/yiisoft/yii2/base/InlineAction.php(57): call_user_func_array(Array, Array)
#2 /opt/lampp/htdocs/mycore/_protected/vendor/yiisoft/yii2/base/Controller.php(157): yii\base\InlineAction->runWithParams(Array)
#3 /opt/lampp/htdocs/mycore/_protected/vendor/yiisoft/yii2/base/Module.php(528): yii\base\Controller->runAction('get-preset', Array)
#4 /opt/lampp/htdocs/mycore/_protected/vendor/yiisoft/yii2/web/Application.php(103): yii\base\Module->runAction('ols/user-addres...', Array)
#5 /opt/lampp/htdocs/mycore/_protected/vendor/yiisoft/yii2/base/Application.php(386): yii\web\Application->handleRequest(Object(yii\web\Request))
#6 /opt/lampp/htdocs/mycore/index.php(12): yii\base\Application->run()
#7 {main}
2017-11-25 07:32:11 [::1][-][261b6tcj2ojlh750jdb8tf6f02][info][application] $_GET = [
    '_' => '0.9141255609997825'
]

$_COOKIE = [
    'mobile' => 'cf95d3b0e5083d724e023735f834d69453281ef7e795aa4ba5bf778c910777eaa:2:{i:0;s:6:\"mobile\";i:1;s:4:\"FULL\";}'
    '_ga' => 'GA1.1.496260585.1508645879'
    '_csrf' => '351b08bb985a206d5cb20719cd87f721138065ce84ad438df4f37b84dada6015a:2:{i:0;s:5:\"_csrf\";i:1;s:32:\"AS9EcHyfLbRs6C42mHRsr1IXXmcJjxL_\";}'
    'PHPSESSID' => '261b6tcj2ojlh750jdb8tf6f02'
]

$_SESSION = [
    '__flash' => []
    'yz\\shoppingcart\\ShoppingCart' => 'a:1:{i:2;O:29:\"jobsrey\\ols\\models\\ProdukCart\":11:{s:9:\"tagValues\";N;s:7:\"picture\";N;s:36:\"\0yii\\db\\BaseActiveRecord\0_attributes\";a:8:{s:2:\"id\";i:2;s:4:\"name\";s:13:\"Ika Wulandari\";s:5:\"price\";s:7:\"5993.00\";s:3:\"qty\";i:1;s:11:\"description\";s:46:\"Jln. Yogyakarta No. 919, Cimahi 50216, SulTeng\";s:6:\"is_new\";i:1;s:11:\"post_status\";i:1;s:4:\"slug\";s:13:\"ika-wulandari\";}s:39:\"\0yii\\db\\BaseActiveRecord\0_oldAttributes\";a:8:{s:2:\"id\";i:2;s:4:\"name\";s:13:\"Ika Wulandari\";s:5:\"price\";s:7:\"5993.00\";s:3:\"qty\";i:1;s:11:\"description\";s:46:\"Jln. Yogyakarta No. 919, Cimahi 50216, SulTeng\";s:6:\"is_new\";i:1;s:11:\"post_status\";i:1;s:4:\"slug\";s:13:\"ika-wulandari\";}s:33:\"\0yii\\db\\BaseActiveRecord\0_related\";a:0:{}s:23:\"\0yii\\base\\Model\0_errors\";N;s:27:\"\0yii\\base\\Model\0_validators\";N;s:25:\"\0yii\\base\\Model\0_scenario\";s:7:\"default\";s:27:\"\0yii\\base\\Component\0_events\";a:3:{s:11:\"afterInsert\";a:1:{i:0;a:2:{i:0;a:2:{i:0;O:35:\"creocoder\\taggable\\TaggableBehavior\":6:{s:16:\"tagValuesAsArray\";b:0;s:11:\"tagRelation\";s:4:\"tags\";s:17:\"tagValueAttribute\";s:4:\"name\";s:21:\"tagFrequencyAttribute\";s:9:\"frequency\";s:47:\"\0creocoder\\taggable\\TaggableBehavior\0_tagValues\";N;s:5:\"owner\";r:2;}i:1;s:9:\"afterSave\";}i:1;N;}}s:11:\"afterUpdate\";a:1:{i:0;a:2:{i:0;a:2:{i:0;r:31;i:1;s:9:\"afterSave\";}i:1;N;}}s:12:\"beforeDelete\";a:1:{i:0;a:2:{i:0;a:2:{i:0;r:31;i:1;s:12:\"beforeDelete\";}i:1;N;}}}s:30:\"\0yii\\base\\Component\0_behaviors\";a:1:{s:8:\"taggable\";r:31;}s:12:\"\0*\0_quantity\";s:5:\"50000\";}}'
]

$_SERVER = [
    'REDIRECT_UNIQUE_ID' => 'WhkOa38AAQEAABijeXoAAAAJ'
    'REDIRECT_STATUS' => '200'
    'UNIQUE_ID' => 'WhkOa38AAQEAABijeXoAAAAJ'
    'HTTP_HOST' => 'localhost'
    'HTTP_CONNECTION' => 'keep-alive'
    'HTTP_ACCEPT' => 'text/html,application/xhtml+xml,application/xml;q=0.9,image/webp,*/*;q=0.8'
    'HTTP_UPGRADE_INSECURE_REQUESTS' => '1'
    'HTTP_USER_AGENT' => 'Mozilla/5.0 (X11; Linux x86_64) AppleWebKit/537.36 (KHTML, like Gecko) Ubuntu Chromium/49.0.2623.108 Chrome/49.0.2623.108 Safari/537.36'
    'HTTP_ACCEPT_ENCODING' => 'gzip, deflate, sdch'
    'HTTP_ACCEPT_LANGUAGE' => 'en-US,en;q=0.8'
    'HTTP_COOKIE' => 'mobile=cf95d3b0e5083d724e023735f834d69453281ef7e795aa4ba5bf778c910777eaa%3A2%3A%7Bi%3A0%3Bs%3A6%3A%22mobile%22%3Bi%3A1%3Bs%3A4%3A%22FULL%22%3B%7D; _ga=GA1.1.496260585.1508645879; _csrf=351b08bb985a206d5cb20719cd87f721138065ce84ad438df4f37b84dada6015a%3A2%3A%7Bi%3A0%3Bs%3A5%3A%22_csrf%22%3Bi%3A1%3Bs%3A32%3A%22AS9EcHyfLbRs6C42mHRsr1IXXmcJjxL_%22%3B%7D; PHPSESSID=261b6tcj2ojlh750jdb8tf6f02'
    'PATH' => '/usr/local/sbin:/usr/local/bin:/usr/sbin:/usr/bin:/sbin:/bin:/snap/bin'
    'LD_LIBRARY_PATH' => '/opt/lampp/lib:/opt/lampp/lib'
    'SERVER_SIGNATURE' => ''
    'SERVER_SOFTWARE' => 'Apache/2.4.23 (Unix) OpenSSL/1.0.2j PHP/5.6.28 mod_perl/2.0.8-dev Perl/v5.16.3'
    'SERVER_NAME' => 'localhost'
    'SERVER_ADDR' => '::1'
    'SERVER_PORT' => '80'
    'REMOTE_ADDR' => '::1'
    'DOCUMENT_ROOT' => '/opt/lampp/htdocs'
    'REQUEST_SCHEME' => 'http'
    'CONTEXT_PREFIX' => ''
    'CONTEXT_DOCUMENT_ROOT' => '/opt/lampp/htdocs'
    'SERVER_ADMIN' => 'you@example.com'
    'SCRIPT_FILENAME' => '/opt/lampp/htdocs/mycore/index.php'
    'REMOTE_PORT' => '38018'
    'REDIRECT_URL' => '/mycore/ols/user-address/get-preset'
    'REDIRECT_QUERY_STRING' => '_=0.9141255609997825'
    'GATEWAY_INTERFACE' => 'CGI/1.1'
    'SERVER_PROTOCOL' => 'HTTP/1.1'
    'REQUEST_METHOD' => 'GET'
    'QUERY_STRING' => '_=0.9141255609997825'
    'REQUEST_URI' => '/mycore/ols/user-address/get-preset?_=0.9141255609997825'
    'SCRIPT_NAME' => '/mycore/index.php'
    'PHP_SELF' => '/mycore/index.php'
    'REQUEST_TIME_FLOAT' => 1511591531.093
    'REQUEST_TIME' => 1511591531
]
2017-11-25 07:33:12 [::1][-][-][error][yii\base\ErrorException:2] exception 'yii\base\ErrorException' with message 'Illegal string offset 'city_id'' in /opt/lampp/htdocs/mycore/_protected/modules/yii2-ols/controllers/OngkirController.php:23
Stack trace:
#0 /opt/lampp/htdocs/mycore/_protected/modules/yii2-ols/controllers/OngkirController.php(23): yii\base\ErrorHandler->handleError(2, 'Illegal string ...', '/opt/lampp/htdo...', 23, Array)
#1 [internal function]: jobsrey\ols\controllers\OngkirController->actionGetCity()
#2 /opt/lampp/htdocs/mycore/_protected/vendor/yiisoft/yii2/base/InlineAction.php(57): call_user_func_array(Array, Array)
#3 /opt/lampp/htdocs/mycore/_protected/vendor/yiisoft/yii2/base/Controller.php(157): yii\base\InlineAction->runWithParams(Array)
#4 /opt/lampp/htdocs/mycore/_protected/vendor/yiisoft/yii2/base/Module.php(528): yii\base\Controller->runAction('get-city', Array)
#5 /opt/lampp/htdocs/mycore/_protected/vendor/yiisoft/yii2/web/Application.php(103): yii\base\Module->runAction('ols/ongkir/get-...', Array)
#6 /opt/lampp/htdocs/mycore/_protected/vendor/yiisoft/yii2/base/Application.php(386): yii\web\Application->handleRequest(Object(yii\web\Request))
#7 /opt/lampp/htdocs/mycore/index.php(12): yii\base\Application->run()
#8 {main}
2017-11-25 07:33:12 [::1][-][-][info][application] $_POST = [
    'depdrop_parents' => [
        0 => '8'
    ]
    'depdrop_all_params' => [
        'city-id' => '8'
    ]
]

$_COOKIE = [
    'mobile' => 'cf95d3b0e5083d724e023735f834d69453281ef7e795aa4ba5bf778c910777eaa:2:{i:0;s:6:\"mobile\";i:1;s:4:\"FULL\";}'
    '_ga' => 'GA1.1.496260585.1508645879'
    '_csrf' => '351b08bb985a206d5cb20719cd87f721138065ce84ad438df4f37b84dada6015a:2:{i:0;s:5:\"_csrf\";i:1;s:32:\"AS9EcHyfLbRs6C42mHRsr1IXXmcJjxL_\";}'
    'PHPSESSID' => '261b6tcj2ojlh750jdb8tf6f02'
]

$_SERVER = [
    'REDIRECT_UNIQUE_ID' => 'WhkOqH8AAQEAABYRIE0AAAAB'
    'REDIRECT_STATUS' => '200'
    'UNIQUE_ID' => 'WhkOqH8AAQEAABYRIE0AAAAB'
    'HTTP_HOST' => 'localhost'
    'HTTP_CONNECTION' => 'keep-alive'
    'CONTENT_LENGTH' => '58'
    'HTTP_ORIGIN' => 'http://localhost'
    'HTTP_X_CSRF_TOKEN' => 'qoYBv9oH-iApuMOOkvnzU9XkdHEwTiljkzXDxrs69ZHr1Tj6uU-DRmXakf2kusdhuKwmAkJ_YDvLWKCM0UK5zg=='
    'HTTP_USER_AGENT' => 'Mozilla/5.0 (X11; Linux x86_64) AppleWebKit/537.36 (KHTML, like Gecko) Ubuntu Chromium/49.0.2623.108 Chrome/49.0.2623.108 Safari/537.36'
    'CONTENT_TYPE' => 'application/x-www-form-urlencoded; charset=UTF-8'
    'HTTP_ACCEPT' => 'application/json, text/javascript, */*; q=0.01'
    'HTTP_X_REQUESTED_WITH' => 'XMLHttpRequest'
    'HTTP_REFERER' => 'http://localhost/mycore/ols/checkout'
    'HTTP_ACCEPT_ENCODING' => 'gzip, deflate'
    'HTTP_ACCEPT_LANGUAGE' => 'en-US,en;q=0.8'
    'HTTP_COOKIE' => 'mobile=cf95d3b0e5083d724e023735f834d69453281ef7e795aa4ba5bf778c910777eaa%3A2%3A%7Bi%3A0%3Bs%3A6%3A%22mobile%22%3Bi%3A1%3Bs%3A4%3A%22FULL%22%3B%7D; _ga=GA1.1.496260585.1508645879; _csrf=351b08bb985a206d5cb20719cd87f721138065ce84ad438df4f37b84dada6015a%3A2%3A%7Bi%3A0%3Bs%3A5%3A%22_csrf%22%3Bi%3A1%3Bs%3A32%3A%22AS9EcHyfLbRs6C42mHRsr1IXXmcJjxL_%22%3B%7D; PHPSESSID=261b6tcj2ojlh750jdb8tf6f02'
    'PATH' => '/usr/local/sbin:/usr/local/bin:/usr/sbin:/usr/bin:/sbin:/bin:/snap/bin'
    'LD_LIBRARY_PATH' => '/opt/lampp/lib:/opt/lampp/lib'
    'SERVER_SIGNATURE' => ''
    'SERVER_SOFTWARE' => 'Apache/2.4.23 (Unix) OpenSSL/1.0.2j PHP/5.6.28 mod_perl/2.0.8-dev Perl/v5.16.3'
    'SERVER_NAME' => 'localhost'
    'SERVER_ADDR' => '::1'
    'SERVER_PORT' => '80'
    'REMOTE_ADDR' => '::1'
    'DOCUMENT_ROOT' => '/opt/lampp/htdocs'
    'REQUEST_SCHEME' => 'http'
    'CONTEXT_PREFIX' => ''
    'CONTEXT_DOCUMENT_ROOT' => '/opt/lampp/htdocs'
    'SERVER_ADMIN' => 'you@example.com'
    'SCRIPT_FILENAME' => '/opt/lampp/htdocs/mycore/index.php'
    'REMOTE_PORT' => '38056'
    'REDIRECT_URL' => '/mycore/ols/ongkir/get-city'
    'GATEWAY_INTERFACE' => 'CGI/1.1'
    'SERVER_PROTOCOL' => 'HTTP/1.1'
    'REQUEST_METHOD' => 'POST'
    'QUERY_STRING' => ''
    'REQUEST_URI' => '/mycore/ols/ongkir/get-city'
    'SCRIPT_NAME' => '/mycore/index.php'
    'PHP_SELF' => '/mycore/index.php'
    'REQUEST_TIME_FLOAT' => 1511591592.263
    'REQUEST_TIME' => 1511591592
]
2017-11-25 07:33:16 [::1][-][-][error][yii\base\ErrorException:2] exception 'yii\base\ErrorException' with message 'Illegal string offset 'city_id'' in /opt/lampp/htdocs/mycore/_protected/modules/yii2-ols/controllers/OngkirController.php:23
Stack trace:
#0 /opt/lampp/htdocs/mycore/_protected/modules/yii2-ols/controllers/OngkirController.php(23): yii\base\ErrorHandler->handleError(2, 'Illegal string ...', '/opt/lampp/htdo...', 23, Array)
#1 [internal function]: jobsrey\ols\controllers\OngkirController->actionGetCity()
#2 /opt/lampp/htdocs/mycore/_protected/vendor/yiisoft/yii2/base/InlineAction.php(57): call_user_func_array(Array, Array)
#3 /opt/lampp/htdocs/mycore/_protected/vendor/yiisoft/yii2/base/Controller.php(157): yii\base\InlineAction->runWithParams(Array)
#4 /opt/lampp/htdocs/mycore/_protected/vendor/yiisoft/yii2/base/Module.php(528): yii\base\Controller->runAction('get-city', Array)
#5 /opt/lampp/htdocs/mycore/_protected/vendor/yiisoft/yii2/web/Application.php(103): yii\base\Module->runAction('ols/ongkir/get-...', Array)
#6 /opt/lampp/htdocs/mycore/_protected/vendor/yiisoft/yii2/base/Application.php(386): yii\web\Application->handleRequest(Object(yii\web\Request))
#7 /opt/lampp/htdocs/mycore/index.php(12): yii\base\Application->run()
#8 {main}
2017-11-25 07:33:16 [::1][-][-][info][application] $_POST = [
    'depdrop_parents' => [
        0 => '9'
    ]
    'depdrop_all_params' => [
        'city-id' => '9'
    ]
]

$_COOKIE = [
    'mobile' => 'cf95d3b0e5083d724e023735f834d69453281ef7e795aa4ba5bf778c910777eaa:2:{i:0;s:6:\"mobile\";i:1;s:4:\"FULL\";}'
    '_ga' => 'GA1.1.496260585.1508645879'
    '_csrf' => '351b08bb985a206d5cb20719cd87f721138065ce84ad438df4f37b84dada6015a:2:{i:0;s:5:\"_csrf\";i:1;s:32:\"AS9EcHyfLbRs6C42mHRsr1IXXmcJjxL_\";}'
    'PHPSESSID' => '261b6tcj2ojlh750jdb8tf6f02'
]

$_SERVER = [
    'REDIRECT_UNIQUE_ID' => 'WhkOrH8AAQEAABtL-aUAAAAD'
    'REDIRECT_STATUS' => '200'
    'UNIQUE_ID' => 'WhkOrH8AAQEAABtL-aUAAAAD'
    'HTTP_HOST' => 'localhost'
    'HTTP_CONNECTION' => 'keep-alive'
    'CONTENT_LENGTH' => '58'
    'HTTP_ORIGIN' => 'http://localhost'
    'HTTP_X_CSRF_TOKEN' => 'qoYBv9oH-iApuMOOkvnzU9XkdHEwTiljkzXDxrs69ZHr1Tj6uU-DRmXakf2kusdhuKwmAkJ_YDvLWKCM0UK5zg=='
    'HTTP_USER_AGENT' => 'Mozilla/5.0 (X11; Linux x86_64) AppleWebKit/537.36 (KHTML, like Gecko) Ubuntu Chromium/49.0.2623.108 Chrome/49.0.2623.108 Safari/537.36'
    'CONTENT_TYPE' => 'application/x-www-form-urlencoded; charset=UTF-8'
    'HTTP_ACCEPT' => 'application/json, text/javascript, */*; q=0.01'
    'HTTP_X_REQUESTED_WITH' => 'XMLHttpRequest'
    'HTTP_REFERER' => 'http://localhost/mycore/ols/checkout'
    'HTTP_ACCEPT_ENCODING' => 'gzip, deflate'
    'HTTP_ACCEPT_LANGUAGE' => 'en-US,en;q=0.8'
    'HTTP_COOKIE' => 'mobile=cf95d3b0e5083d724e023735f834d69453281ef7e795aa4ba5bf778c910777eaa%3A2%3A%7Bi%3A0%3Bs%3A6%3A%22mobile%22%3Bi%3A1%3Bs%3A4%3A%22FULL%22%3B%7D; _ga=GA1.1.496260585.1508645879; _csrf=351b08bb985a206d5cb20719cd87f721138065ce84ad438df4f37b84dada6015a%3A2%3A%7Bi%3A0%3Bs%3A5%3A%22_csrf%22%3Bi%3A1%3Bs%3A32%3A%22AS9EcHyfLbRs6C42mHRsr1IXXmcJjxL_%22%3B%7D; PHPSESSID=261b6tcj2ojlh750jdb8tf6f02'
    'PATH' => '/usr/local/sbin:/usr/local/bin:/usr/sbin:/usr/bin:/sbin:/bin:/snap/bin'
    'LD_LIBRARY_PATH' => '/opt/lampp/lib:/opt/lampp/lib'
    'SERVER_SIGNATURE' => ''
    'SERVER_SOFTWARE' => 'Apache/2.4.23 (Unix) OpenSSL/1.0.2j PHP/5.6.28 mod_perl/2.0.8-dev Perl/v5.16.3'
    'SERVER_NAME' => 'localhost'
    'SERVER_ADDR' => '::1'
    'SERVER_PORT' => '80'
    'REMOTE_ADDR' => '::1'
    'DOCUMENT_ROOT' => '/opt/lampp/htdocs'
    'REQUEST_SCHEME' => 'http'
    'CONTEXT_PREFIX' => ''
    'CONTEXT_DOCUMENT_ROOT' => '/opt/lampp/htdocs'
    'SERVER_ADMIN' => 'you@example.com'
    'SCRIPT_FILENAME' => '/opt/lampp/htdocs/mycore/index.php'
    'REMOTE_PORT' => '38058'
    'REDIRECT_URL' => '/mycore/ols/ongkir/get-city'
    'GATEWAY_INTERFACE' => 'CGI/1.1'
    'SERVER_PROTOCOL' => 'HTTP/1.1'
    'REQUEST_METHOD' => 'POST'
    'QUERY_STRING' => ''
    'REQUEST_URI' => '/mycore/ols/ongkir/get-city'
    'SCRIPT_NAME' => '/mycore/index.php'
    'PHP_SELF' => '/mycore/index.php'
    'REQUEST_TIME_FLOAT' => 1511591596.335
    'REQUEST_TIME' => 1511591596
]
2017-11-25 07:38:44 [::1][-][-][error][yii\db\IntegrityException] exception 'PDOException' with message 'SQLSTATE[23000]: Integrity constraint violation: 1048 Column 'is_default' cannot be null' in /opt/lampp/htdocs/mycore/_protected/vendor/yiisoft/yii2/db/Command.php:994
Stack trace:
#0 /opt/lampp/htdocs/mycore/_protected/vendor/yiisoft/yii2/db/Command.php(994): PDOStatement->execute()
#1 /opt/lampp/htdocs/mycore/_protected/vendor/yiisoft/yii2/db/Schema.php(412): yii\db\Command->execute()
#2 /opt/lampp/htdocs/mycore/_protected/vendor/yiisoft/yii2/db/ActiveRecord.php(511): yii\db\Schema->insert('shop_user_addre...', Array)
#3 /opt/lampp/htdocs/mycore/_protected/vendor/yiisoft/yii2/db/ActiveRecord.php(477): yii\db\ActiveRecord->insertInternal(NULL)
#4 /opt/lampp/htdocs/mycore/_protected/vendor/yiisoft/yii2/db/BaseActiveRecord.php(646): yii\db\ActiveRecord->insert(true, NULL)
#5 /opt/lampp/htdocs/mycore/_protected/modules/yii2-ols/controllers/UserAddressController.php(276): yii\db\BaseActiveRecord->save()
#6 [internal function]: jobsrey\ols\controllers\UserAddressController->actionAddAddress()
#7 /opt/lampp/htdocs/mycore/_protected/vendor/yiisoft/yii2/base/InlineAction.php(57): call_user_func_array(Array, Array)
#8 /opt/lampp/htdocs/mycore/_protected/vendor/yiisoft/yii2/base/Controller.php(157): yii\base\InlineAction->runWithParams(Array)
#9 /opt/lampp/htdocs/mycore/_protected/vendor/yiisoft/yii2/base/Module.php(528): yii\base\Controller->runAction('add-address', Array)
#10 /opt/lampp/htdocs/mycore/_protected/vendor/yiisoft/yii2/web/Application.php(103): yii\base\Module->runAction('ols/user-addres...', Array)
#11 /opt/lampp/htdocs/mycore/_protected/vendor/yiisoft/yii2/base/Application.php(386): yii\web\Application->handleRequest(Object(yii\web\Request))
#12 /opt/lampp/htdocs/mycore/index.php(12): yii\base\Application->run()
#13 {main}

Next exception 'yii\db\IntegrityException' with message 'SQLSTATE[23000]: Integrity constraint violation: 1048 Column 'is_default' cannot be null
The SQL being executed was: INSERT INTO `shop_user_address` (`recipient_name`, `address`, `province_id`, `city_id`, `districts_id`, `postal_code`, `phone_number`, `is_default`) VALUES ('Kirenius Denatali Daeli', 'Villa Pertiwi Blok C2 / 01 RT. 01 RW. 13', 9, 22, NULL, 16415, '081210908850', NULL)' in /opt/lampp/htdocs/mycore/_protected/vendor/yiisoft/yii2/db/Schema.php:595
Stack trace:
#0 /opt/lampp/htdocs/mycore/_protected/vendor/yiisoft/yii2/db/Command.php(1004): yii\db\Schema->convertException(Object(PDOException), 'INSERT INTO `sh...')
#1 /opt/lampp/htdocs/mycore/_protected/vendor/yiisoft/yii2/db/Schema.php(412): yii\db\Command->execute()
#2 /opt/lampp/htdocs/mycore/_protected/vendor/yiisoft/yii2/db/ActiveRecord.php(511): yii\db\Schema->insert('shop_user_addre...', Array)
#3 /opt/lampp/htdocs/mycore/_protected/vendor/yiisoft/yii2/db/ActiveRecord.php(477): yii\db\ActiveRecord->insertInternal(NULL)
#4 /opt/lampp/htdocs/mycore/_protected/vendor/yiisoft/yii2/db/BaseActiveRecord.php(646): yii\db\ActiveRecord->insert(true, NULL)
#5 /opt/lampp/htdocs/mycore/_protected/modules/yii2-ols/controllers/UserAddressController.php(276): yii\db\BaseActiveRecord->save()
#6 [internal function]: jobsrey\ols\controllers\UserAddressController->actionAddAddress()
#7 /opt/lampp/htdocs/mycore/_protected/vendor/yiisoft/yii2/base/InlineAction.php(57): call_user_func_array(Array, Array)
#8 /opt/lampp/htdocs/mycore/_protected/vendor/yiisoft/yii2/base/Controller.php(157): yii\base\InlineAction->runWithParams(Array)
#9 /opt/lampp/htdocs/mycore/_protected/vendor/yiisoft/yii2/base/Module.php(528): yii\base\Controller->runAction('add-address', Array)
#10 /opt/lampp/htdocs/mycore/_protected/vendor/yiisoft/yii2/web/Application.php(103): yii\base\Module->runAction('ols/user-addres...', Array)
#11 /opt/lampp/htdocs/mycore/_protected/vendor/yiisoft/yii2/base/Application.php(386): yii\web\Application->handleRequest(Object(yii\web\Request))
#12 /opt/lampp/htdocs/mycore/index.php(12): yii\base\Application->run()
#13 {main}
Additional Information:
Array
(
    [0] => 23000
    [1] => 1048
    [2] => Column 'is_default' cannot be null
)

2017-11-25 07:38:43 [::1][-][-][info][application] $_GET = [
    '_' => '1511591564191'
]

$_POST = [
    '_csrf' => 'EC0ZBAoEsBD626tksn6t7XkICJIXbwH5ErTutHulYLpRfiBBaUzJdra5-ReEPZnfFEBa4WVeSKFK2Y3-Ed0s5Q=='
    'UserAddress' => [
        'recipient_name' => 'Kirenius Denatali Daeli'
        'address' => 'Villa Pertiwi Blok C2 / 01 RT. 01 RW. 13'
        'province_id' => '9'
        'city_id' => '22'
        'districts_id' => ''
        'postal_code' => '16415'
        'phone_number' => '081210908850'
        'is_default' => ''
    ]
]

$_COOKIE = [
    'mobile' => 'cf95d3b0e5083d724e023735f834d69453281ef7e795aa4ba5bf778c910777eaa:2:{i:0;s:6:\"mobile\";i:1;s:4:\"FULL\";}'
    '_ga' => 'GA1.1.496260585.1508645879'
    '_csrf' => '351b08bb985a206d5cb20719cd87f721138065ce84ad438df4f37b84dada6015a:2:{i:0;s:5:\"_csrf\";i:1;s:32:\"AS9EcHyfLbRs6C42mHRsr1IXXmcJjxL_\";}'
    'PHPSESSID' => '261b6tcj2ojlh750jdb8tf6f02'
]

$_SERVER = [
    'REDIRECT_UNIQUE_ID' => 'WhkP838AAQEAAA8ringAAAAA'
    'REDIRECT_STATUS' => '200'
    'UNIQUE_ID' => 'WhkP838AAQEAAA8ringAAAAA'
    'HTTP_HOST' => 'localhost'
    'HTTP_CONNECTION' => 'keep-alive'
    'CONTENT_LENGTH' => '1191'
    'HTTP_ORIGIN' => 'http://localhost'
    'HTTP_X_CSRF_TOKEN' => 'qoYBv9oH-iApuMOOkvnzU9XkdHEwTiljkzXDxrs69ZHr1Tj6uU-DRmXakf2kusdhuKwmAkJ_YDvLWKCM0UK5zg=='
    'HTTP_USER_AGENT' => 'Mozilla/5.0 (X11; Linux x86_64) AppleWebKit/537.36 (KHTML, like Gecko) Ubuntu Chromium/49.0.2623.108 Chrome/49.0.2623.108 Safari/537.36'
    'CONTENT_TYPE' => 'multipart/form-data; boundary=----WebKitFormBoundary5NsbsYBRiNvflZRO'
    'HTTP_ACCEPT' => '*/*'
    'HTTP_X_REQUESTED_WITH' => 'XMLHttpRequest'
    'HTTP_REFERER' => 'http://localhost/mycore/ols/checkout'
    'HTTP_ACCEPT_ENCODING' => 'gzip, deflate'
    'HTTP_ACCEPT_LANGUAGE' => 'en-US,en;q=0.8'
    'HTTP_COOKIE' => 'mobile=cf95d3b0e5083d724e023735f834d69453281ef7e795aa4ba5bf778c910777eaa%3A2%3A%7Bi%3A0%3Bs%3A6%3A%22mobile%22%3Bi%3A1%3Bs%3A4%3A%22FULL%22%3B%7D; _ga=GA1.1.496260585.1508645879; _csrf=351b08bb985a206d5cb20719cd87f721138065ce84ad438df4f37b84dada6015a%3A2%3A%7Bi%3A0%3Bs%3A5%3A%22_csrf%22%3Bi%3A1%3Bs%3A32%3A%22AS9EcHyfLbRs6C42mHRsr1IXXmcJjxL_%22%3B%7D; PHPSESSID=261b6tcj2ojlh750jdb8tf6f02'
    'PATH' => '/usr/local/sbin:/usr/local/bin:/usr/sbin:/usr/bin:/sbin:/bin:/snap/bin'
    'LD_LIBRARY_PATH' => '/opt/lampp/lib:/opt/lampp/lib'
    'SERVER_SIGNATURE' => ''
    'SERVER_SOFTWARE' => 'Apache/2.4.23 (Unix) OpenSSL/1.0.2j PHP/5.6.28 mod_perl/2.0.8-dev Perl/v5.16.3'
    'SERVER_NAME' => 'localhost'
    'SERVER_ADDR' => '::1'
    'SERVER_PORT' => '80'
    'REMOTE_ADDR' => '::1'
    'DOCUMENT_ROOT' => '/opt/lampp/htdocs'
    'REQUEST_SCHEME' => 'http'
    'CONTEXT_PREFIX' => ''
    'CONTEXT_DOCUMENT_ROOT' => '/opt/lampp/htdocs'
    'SERVER_ADMIN' => 'you@example.com'
    'SCRIPT_FILENAME' => '/opt/lampp/htdocs/mycore/index.php'
    'REMOTE_PORT' => '38120'
    'REDIRECT_URL' => '/mycore/ols/user-address/add-address'
    'REDIRECT_QUERY_STRING' => '_=1511591564191'
    'GATEWAY_INTERFACE' => 'CGI/1.1'
    'SERVER_PROTOCOL' => 'HTTP/1.1'
    'REQUEST_METHOD' => 'POST'
    'QUERY_STRING' => '_=1511591564191'
    'REQUEST_URI' => '/mycore/ols/user-address/add-address?_=1511591564191'
    'SCRIPT_NAME' => '/mycore/index.php'
    'PHP_SELF' => '/mycore/index.php'
    'REQUEST_TIME_FLOAT' => 1511591923.929
    'REQUEST_TIME' => 1511591923
]
2017-11-25 07:56:49 [::1][-][-][error][yii\web\HttpException:404] exception 'yii\base\InvalidRouteException' with message 'Unable to resolve the request: ols/user-address/update-address-checkout' in /opt/lampp/htdocs/mycore/_protected/vendor/yiisoft/yii2/base/Controller.php:128
Stack trace:
#0 /opt/lampp/htdocs/mycore/_protected/vendor/yiisoft/yii2/base/Module.php(528): yii\base\Controller->runAction('update-address-...', Array)
#1 /opt/lampp/htdocs/mycore/_protected/vendor/yiisoft/yii2/web/Application.php(103): yii\base\Module->runAction('ols/user-addres...', Array)
#2 /opt/lampp/htdocs/mycore/_protected/vendor/yiisoft/yii2/base/Application.php(386): yii\web\Application->handleRequest(Object(yii\web\Request))
#3 /opt/lampp/htdocs/mycore/index.php(12): yii\base\Application->run()
#4 {main}

Next exception 'yii\web\NotFoundHttpException' with message 'Page not found.' in /opt/lampp/htdocs/mycore/_protected/vendor/yiisoft/yii2/web/Application.php:115
Stack trace:
#0 /opt/lampp/htdocs/mycore/_protected/vendor/yiisoft/yii2/base/Application.php(386): yii\web\Application->handleRequest(Object(yii\web\Request))
#1 /opt/lampp/htdocs/mycore/index.php(12): yii\base\Application->run()
#2 {main}
2017-11-25 07:56:49 [::1][-][-][info][application] $_GET = [
    'id' => 'c81e728d9d4c2f636f067f89cc14862c'
    '_' => '1511592385873'
]

$_COOKIE = [
    'mobile' => 'cf95d3b0e5083d724e023735f834d69453281ef7e795aa4ba5bf778c910777eaa:2:{i:0;s:6:\"mobile\";i:1;s:4:\"FULL\";}'
    '_ga' => 'GA1.1.496260585.1508645879'
    '_csrf' => '351b08bb985a206d5cb20719cd87f721138065ce84ad438df4f37b84dada6015a:2:{i:0;s:5:\"_csrf\";i:1;s:32:\"AS9EcHyfLbRs6C42mHRsr1IXXmcJjxL_\";}'
    'PHPSESSID' => '261b6tcj2ojlh750jdb8tf6f02'
]

$_SERVER = [
    'REDIRECT_UNIQUE_ID' => 'WhkUMX8AAQEAABiHcn4AAAAI'
    'REDIRECT_STATUS' => '200'
    'UNIQUE_ID' => 'WhkUMX8AAQEAABiHcn4AAAAI'
    'HTTP_HOST' => 'localhost'
    'HTTP_CONNECTION' => 'keep-alive'
    'HTTP_ACCEPT' => '*/*'
    'HTTP_X_CSRF_TOKEN' => 'WhabTgLFZbOR--iV5TUzV0ddOF0ko8TWL3244X41CxEbRaILYY0c1d2ZuubTdgdlKhVqLlaSjY53ENurFE1HTg=='
    'HTTP_X_REQUESTED_WITH' => 'XMLHttpRequest'
    'HTTP_USER_AGENT' => 'Mozilla/5.0 (X11; Linux x86_64) AppleWebKit/537.36 (KHTML, like Gecko) Ubuntu Chromium/49.0.2623.108 Chrome/49.0.2623.108 Safari/537.36'
    'HTTP_REFERER' => 'http://localhost/mycore/ols/checkout'
    'HTTP_ACCEPT_ENCODING' => 'gzip, deflate, sdch'
    'HTTP_ACCEPT_LANGUAGE' => 'en-US,en;q=0.8'
    'HTTP_COOKIE' => 'mobile=cf95d3b0e5083d724e023735f834d69453281ef7e795aa4ba5bf778c910777eaa%3A2%3A%7Bi%3A0%3Bs%3A6%3A%22mobile%22%3Bi%3A1%3Bs%3A4%3A%22FULL%22%3B%7D; _ga=GA1.1.496260585.1508645879; _csrf=351b08bb985a206d5cb20719cd87f721138065ce84ad438df4f37b84dada6015a%3A2%3A%7Bi%3A0%3Bs%3A5%3A%22_csrf%22%3Bi%3A1%3Bs%3A32%3A%22AS9EcHyfLbRs6C42mHRsr1IXXmcJjxL_%22%3B%7D; PHPSESSID=261b6tcj2ojlh750jdb8tf6f02'
    'PATH' => '/usr/local/sbin:/usr/local/bin:/usr/sbin:/usr/bin:/sbin:/bin:/snap/bin'
    'LD_LIBRARY_PATH' => '/opt/lampp/lib:/opt/lampp/lib'
    'SERVER_SIGNATURE' => ''
    'SERVER_SOFTWARE' => 'Apache/2.4.23 (Unix) OpenSSL/1.0.2j PHP/5.6.28 mod_perl/2.0.8-dev Perl/v5.16.3'
    'SERVER_NAME' => 'localhost'
    'SERVER_ADDR' => '::1'
    'SERVER_PORT' => '80'
    'REMOTE_ADDR' => '::1'
    'DOCUMENT_ROOT' => '/opt/lampp/htdocs'
    'REQUEST_SCHEME' => 'http'
    'CONTEXT_PREFIX' => ''
    'CONTEXT_DOCUMENT_ROOT' => '/opt/lampp/htdocs'
    'SERVER_ADMIN' => 'you@example.com'
    'SCRIPT_FILENAME' => '/opt/lampp/htdocs/mycore/index.php'
    'REMOTE_PORT' => '38214'
    'REDIRECT_URL' => '/mycore/ols/user-address/update-address-checkout'
    'REDIRECT_QUERY_STRING' => 'id=c81e728d9d4c2f636f067f89cc14862c&_=1511592385873'
    'GATEWAY_INTERFACE' => 'CGI/1.1'
    'SERVER_PROTOCOL' => 'HTTP/1.1'
    'REQUEST_METHOD' => 'GET'
    'QUERY_STRING' => 'id=c81e728d9d4c2f636f067f89cc14862c&_=1511592385873'
    'REQUEST_URI' => '/mycore/ols/user-address/update-address-checkout?id=c81e728d9d4c2f636f067f89cc14862c&_=1511592385873'
    'SCRIPT_NAME' => '/mycore/index.php'
    'PHP_SELF' => '/mycore/index.php'
    'REQUEST_TIME_FLOAT' => 1511593009.536
    'REQUEST_TIME' => 1511593009
]
2017-11-25 08:05:07 [::1][-][-][error][yii\web\HttpException:404] exception 'yii\base\InvalidRouteException' with message 'Unable to resolve the request: ols/user-address/update-address-checkout' in /opt/lampp/htdocs/mycore/_protected/vendor/yiisoft/yii2/base/Controller.php:128
Stack trace:
#0 /opt/lampp/htdocs/mycore/_protected/vendor/yiisoft/yii2/base/Module.php(528): yii\base\Controller->runAction('update-address-...', Array)
#1 /opt/lampp/htdocs/mycore/_protected/vendor/yiisoft/yii2/web/Application.php(103): yii\base\Module->runAction('ols/user-addres...', Array)
#2 /opt/lampp/htdocs/mycore/_protected/vendor/yiisoft/yii2/base/Application.php(386): yii\web\Application->handleRequest(Object(yii\web\Request))
#3 /opt/lampp/htdocs/mycore/index.php(12): yii\base\Application->run()
#4 {main}

Next exception 'yii\web\NotFoundHttpException' with message 'Page not found.' in /opt/lampp/htdocs/mycore/_protected/vendor/yiisoft/yii2/web/Application.php:115
Stack trace:
#0 /opt/lampp/htdocs/mycore/_protected/vendor/yiisoft/yii2/base/Application.php(386): yii\web\Application->handleRequest(Object(yii\web\Request))
#1 /opt/lampp/htdocs/mycore/index.php(12): yii\base\Application->run()
#2 {main}
2017-11-25 08:05:07 [::1][-][-][info][application] $_GET = [
    'id' => 'c81e728d9d4c2f636f067f89cc14862c'
    '_' => '1511592385875'
]

$_COOKIE = [
    'mobile' => 'cf95d3b0e5083d724e023735f834d69453281ef7e795aa4ba5bf778c910777eaa:2:{i:0;s:6:\"mobile\";i:1;s:4:\"FULL\";}'
    '_ga' => 'GA1.1.496260585.1508645879'
    '_csrf' => '351b08bb985a206d5cb20719cd87f721138065ce84ad438df4f37b84dada6015a:2:{i:0;s:5:\"_csrf\";i:1;s:32:\"AS9EcHyfLbRs6C42mHRsr1IXXmcJjxL_\";}'
    'PHPSESSID' => '261b6tcj2ojlh750jdb8tf6f02'
]

$_SERVER = [
    'REDIRECT_UNIQUE_ID' => 'WhkWI38AAQEAABzBHEoAAAAG'
    'REDIRECT_STATUS' => '200'
    'UNIQUE_ID' => 'WhkWI38AAQEAABzBHEoAAAAG'
    'HTTP_HOST' => 'localhost'
    'HTTP_CONNECTION' => 'keep-alive'
    'HTTP_ACCEPT' => '*/*'
    'HTTP_X_CSRF_TOKEN' => 'WhabTgLFZbOR--iV5TUzV0ddOF0ko8TWL3244X41CxEbRaILYY0c1d2ZuubTdgdlKhVqLlaSjY53ENurFE1HTg=='
    'HTTP_X_REQUESTED_WITH' => 'XMLHttpRequest'
    'HTTP_USER_AGENT' => 'Mozilla/5.0 (X11; Linux x86_64) AppleWebKit/537.36 (KHTML, like Gecko) Ubuntu Chromium/49.0.2623.108 Chrome/49.0.2623.108 Safari/537.36'
    'HTTP_REFERER' => 'http://localhost/mycore/ols/checkout'
    'HTTP_ACCEPT_ENCODING' => 'gzip, deflate, sdch'
    'HTTP_ACCEPT_LANGUAGE' => 'en-US,en;q=0.8'
    'HTTP_COOKIE' => 'mobile=cf95d3b0e5083d724e023735f834d69453281ef7e795aa4ba5bf778c910777eaa%3A2%3A%7Bi%3A0%3Bs%3A6%3A%22mobile%22%3Bi%3A1%3Bs%3A4%3A%22FULL%22%3B%7D; _ga=GA1.1.496260585.1508645879; _csrf=351b08bb985a206d5cb20719cd87f721138065ce84ad438df4f37b84dada6015a%3A2%3A%7Bi%3A0%3Bs%3A5%3A%22_csrf%22%3Bi%3A1%3Bs%3A32%3A%22AS9EcHyfLbRs6C42mHRsr1IXXmcJjxL_%22%3B%7D; PHPSESSID=261b6tcj2ojlh750jdb8tf6f02'
    'PATH' => '/usr/local/sbin:/usr/local/bin:/usr/sbin:/usr/bin:/sbin:/bin:/snap/bin'
    'LD_LIBRARY_PATH' => '/opt/lampp/lib:/opt/lampp/lib'
    'SERVER_SIGNATURE' => ''
    'SERVER_SOFTWARE' => 'Apache/2.4.23 (Unix) OpenSSL/1.0.2j PHP/5.6.28 mod_perl/2.0.8-dev Perl/v5.16.3'
    'SERVER_NAME' => 'localhost'
    'SERVER_ADDR' => '::1'
    'SERVER_PORT' => '80'
    'REMOTE_ADDR' => '::1'
    'DOCUMENT_ROOT' => '/opt/lampp/htdocs'
    'REQUEST_SCHEME' => 'http'
    'CONTEXT_PREFIX' => ''
    'CONTEXT_DOCUMENT_ROOT' => '/opt/lampp/htdocs'
    'SERVER_ADMIN' => 'you@example.com'
    'SCRIPT_FILENAME' => '/opt/lampp/htdocs/mycore/index.php'
    'REMOTE_PORT' => '38226'
    'REDIRECT_URL' => '/mycore/ols/user-address/update-address-checkout'
    'REDIRECT_QUERY_STRING' => 'id=c81e728d9d4c2f636f067f89cc14862c&_=1511592385875'
    'GATEWAY_INTERFACE' => 'CGI/1.1'
    'SERVER_PROTOCOL' => 'HTTP/1.1'
    'REQUEST_METHOD' => 'GET'
    'QUERY_STRING' => 'id=c81e728d9d4c2f636f067f89cc14862c&_=1511592385875'
    'REQUEST_URI' => '/mycore/ols/user-address/update-address-checkout?id=c81e728d9d4c2f636f067f89cc14862c&_=1511592385875'
    'SCRIPT_NAME' => '/mycore/index.php'
    'PHP_SELF' => '/mycore/index.php'
    'REQUEST_TIME_FLOAT' => 1511593507.765
    'REQUEST_TIME' => 1511593507
]
2017-11-25 09:18:54 [::1][-][-][error][yii\base\ErrorException:8] exception 'yii\base\ErrorException' with message 'Trying to get property of non-object' in /opt/lampp/htdocs/mycore/_protected/modules/yii2-ols/views/user-address/_formReadOnly.php:66
Stack trace:
#0 /opt/lampp/htdocs/mycore/_protected/modules/yii2-ols/views/user-address/_formReadOnly.php(66): yii\base\ErrorHandler->handleError(8, 'Trying to get p...', '/opt/lampp/htdo...', 66, Array)
#1 /opt/lampp/htdocs/mycore/_protected/vendor/yiisoft/yii2/base/View.php(332): require('/opt/lampp/htdo...')
#2 /opt/lampp/htdocs/mycore/_protected/vendor/yiisoft/yii2/base/View.php(250): yii\base\View->renderPhpFile('/opt/lampp/htdo...', Array)
#3 /opt/lampp/htdocs/mycore/_protected/vendor/yiisoft/yii2/web/View.php(212): yii\base\View->renderFile('/opt/lampp/htdo...', Array, Object(jobsrey\ols\controllers\UserAddressController))
#4 /opt/lampp/htdocs/mycore/_protected/vendor/yiisoft/yii2/web/Controller.php(49): yii\web\View->renderAjax('_formReadOnly', Array, Object(jobsrey\ols\controllers\UserAddressController))
#5 /opt/lampp/htdocs/mycore/_protected/modules/yii2-ols/controllers/UserAddressController.php(320): yii\web\Controller->renderAjax('_formReadOnly', Array)
#6 [internal function]: jobsrey\ols\controllers\UserAddressController->actionUseAddress('c81e728d9d4c2f6...')
#7 /opt/lampp/htdocs/mycore/_protected/vendor/yiisoft/yii2/base/InlineAction.php(57): call_user_func_array(Array, Array)
#8 /opt/lampp/htdocs/mycore/_protected/vendor/yiisoft/yii2/base/Controller.php(157): yii\base\InlineAction->runWithParams(Array)
#9 /opt/lampp/htdocs/mycore/_protected/vendor/yiisoft/yii2/base/Module.php(528): yii\base\Controller->runAction('use-address', Array)
#10 /opt/lampp/htdocs/mycore/_protected/vendor/yiisoft/yii2/web/Application.php(103): yii\base\Module->runAction('ols/user-addres...', Array)
#11 /opt/lampp/htdocs/mycore/_protected/vendor/yiisoft/yii2/base/Application.php(386): yii\web\Application->handleRequest(Object(yii\web\Request))
#12 /opt/lampp/htdocs/mycore/index.php(12): yii\base\Application->run()
#13 {main}
2017-11-25 09:18:54 [::1][-][-][info][application] $_GET = [
    'id' => 'c81e728d9d4c2f636f067f89cc14862c'
    '_' => '1511597079817'
]

$_COOKIE = [
    'gsScrollPos-32' => '0'
    'mobile' => 'cf95d3b0e5083d724e023735f834d69453281ef7e795aa4ba5bf778c910777eaa:2:{i:0;s:6:\"mobile\";i:1;s:4:\"FULL\";}'
    '_ga' => 'GA1.1.496260585.1508645879'
    '_csrf' => '351b08bb985a206d5cb20719cd87f721138065ce84ad438df4f37b84dada6015a:2:{i:0;s:5:\"_csrf\";i:1;s:32:\"AS9EcHyfLbRs6C42mHRsr1IXXmcJjxL_\";}'
    'PHPSESSID' => '261b6tcj2ojlh750jdb8tf6f02'
]

$_SERVER = [
    'REDIRECT_UNIQUE_ID' => 'Whknbn8AAQEAABjPYQEAAAAF'
    'REDIRECT_STATUS' => '200'
    'UNIQUE_ID' => 'Whknbn8AAQEAABjPYQEAAAAF'
    'HTTP_HOST' => 'localhost'
    'HTTP_CONNECTION' => 'keep-alive'
    'HTTP_ACCEPT' => '*/*'
    'HTTP_X_CSRF_TOKEN' => 'Kq1EKBX1_GYPhLGF6nJn3hWyc3f5SUgfIq3BVG1cqrdr_n1tdr2FAEPm4_bcMVPsePohBIt4AUd6wKIeByTm6A=='
    'HTTP_USER_AGENT' => 'Mozilla/5.0 (X11; Linux x86_64) AppleWebKit/537.36 (KHTML, like Gecko) Ubuntu Chromium/49.0.2623.108 Chrome/49.0.2623.108 Safari/537.36'
    'HTTP_X_REQUESTED_WITH' => 'XMLHttpRequest'
    'HTTP_REFERER' => 'http://localhost/mycore/ols/checkout'
    'HTTP_ACCEPT_ENCODING' => 'gzip, deflate, sdch'
    'HTTP_ACCEPT_LANGUAGE' => 'en-US,en;q=0.8'
    'HTTP_COOKIE' => 'gsScrollPos-32=0; mobile=cf95d3b0e5083d724e023735f834d69453281ef7e795aa4ba5bf778c910777eaa%3A2%3A%7Bi%3A0%3Bs%3A6%3A%22mobile%22%3Bi%3A1%3Bs%3A4%3A%22FULL%22%3B%7D; _ga=GA1.1.496260585.1508645879; _csrf=351b08bb985a206d5cb20719cd87f721138065ce84ad438df4f37b84dada6015a%3A2%3A%7Bi%3A0%3Bs%3A5%3A%22_csrf%22%3Bi%3A1%3Bs%3A32%3A%22AS9EcHyfLbRs6C42mHRsr1IXXmcJjxL_%22%3B%7D; PHPSESSID=261b6tcj2ojlh750jdb8tf6f02'
    'PATH' => '/usr/local/sbin:/usr/local/bin:/usr/sbin:/usr/bin:/sbin:/bin:/snap/bin'
    'LD_LIBRARY_PATH' => '/opt/lampp/lib:/opt/lampp/lib'
    'SERVER_SIGNATURE' => ''
    'SERVER_SOFTWARE' => 'Apache/2.4.23 (Unix) OpenSSL/1.0.2j PHP/5.6.28 mod_perl/2.0.8-dev Perl/v5.16.3'
    'SERVER_NAME' => 'localhost'
    'SERVER_ADDR' => '::1'
    'SERVER_PORT' => '80'
    'REMOTE_ADDR' => '::1'
    'DOCUMENT_ROOT' => '/opt/lampp/htdocs'
    'REQUEST_SCHEME' => 'http'
    'CONTEXT_PREFIX' => ''
    'CONTEXT_DOCUMENT_ROOT' => '/opt/lampp/htdocs'
    'SERVER_ADMIN' => 'you@example.com'
    'SCRIPT_FILENAME' => '/opt/lampp/htdocs/mycore/index.php'
    'REMOTE_PORT' => '38608'
    'REDIRECT_URL' => '/mycore/ols/user-address/use-address'
    'REDIRECT_QUERY_STRING' => 'id=c81e728d9d4c2f636f067f89cc14862c&_=1511597079817'
    'GATEWAY_INTERFACE' => 'CGI/1.1'
    'SERVER_PROTOCOL' => 'HTTP/1.1'
    'REQUEST_METHOD' => 'GET'
    'QUERY_STRING' => 'id=c81e728d9d4c2f636f067f89cc14862c&_=1511597079817'
    'REQUEST_URI' => '/mycore/ols/user-address/use-address?id=c81e728d9d4c2f636f067f89cc14862c&_=1511597079817'
    'SCRIPT_NAME' => '/mycore/index.php'
    'PHP_SELF' => '/mycore/index.php'
    'REQUEST_TIME_FLOAT' => 1511597934.179
    'REQUEST_TIME' => 1511597934
]
